[INFO ] 2024-04-25 00:49:58.996 [main] ReportManager - 
[0;7m------------------------------------------------------------------------------------------------------------------------------------------------
                                                    Powered by [1mSHAFT v.7.4.20231211[22m                                                    
------------------------------------------------------------------------------------------------------------------------------------------------
[0m
[INFO ] 2024-04-25 00:49:59.006 [main] ReportManager - Checking for engine updates...
[INFO ] 2024-04-25 00:49:59.019 [main] ReportManager - Engine Update check done for the day. üëç
[INFO ] 2024-04-25 00:49:59.852 [main] ReportManager - Loaded OpenCV "opencv_java481".
[INFO ] 2024-04-25 00:49:59.852 [main] ReportManager - Initializing Allure Reporting Environment...
[INFO ] 2024-04-25 00:49:59.932 [main] ReportManager - Initializing Extent Reporting Environment...
[INFO ] 2024-04-25 00:50:00.233 [main] ReportManager - Initializing Summary Reporting Environment...
[INFO ] 2024-04-25 00:50:00.242 [main] ReportManager - TestNG run detected...
[INFO ] 2024-04-25 00:50:00.401 [main] Utils - [TestNG] Running:
  C:\Users\Express\AppData\Local\JetBrains\IdeaIC2024.1\temp-testng-customsuite.xml

[INFO ] 2024-04-25 00:50:00.427 [main] ReportManager - 
[0;7m------------------------------------------------------------------------------------------------------------------------------------------------
                                             Starting execution of suite setup configuration method                                             
                                          'com.shaft.listeners.internal.ConfigurationHelper.suiteSetup'                                          
------------------------------------------------------------------------------------------------------------------------------------------------
[0m
[INFO ] 2024-04-25 00:50:00.507 [main] ReportManager - Initializing Important Links...
[INFO ] 2024-04-25 00:50:00.515 [main] ReportManager - Initializing Properties...
[INFO ] 2024-04-25 00:50:00.616 [main] ReportManager - 
[0;7m------------------------------------------------------------------------------------------------------------------------------------------------
                                             Starting execution of before class configuration method                                             
                                                'automationexercise.tests.LoginTest.beforeCLass'                                                
------------------------------------------------------------------------------------------------------------------------------------------------
[0m
[INFO ] 2024-04-25 00:50:00.620 [main] ReportManager - File Action "DoesFileExist" successfully performed. With the following test data "File Path: "src/test/resources/automationexercise/TestData/loginTestData.json"".
[INFO ] 2024-04-25 00:50:00.621 [main] ReportManager - File Action "DoesFileExist" successfully performed. With the following test data "File Path: "src/test/resources/automationexercise/TestData/loginTestData.json"".
[INFO ] 2024-04-25 00:50:00.621 [main] ReportManager - File Action "GetAbsolutePath" successfully performed. With the following test data "Relative Folder Path: "src/test/resources/automationexercise/TestData/loginTestData.json"".
[INFO ] 2024-04-25 00:50:00.626 [main] ReportManager - Successfully created attachment 'Test Data - JSON'
[INFO ] 2024-04-25 00:50:00.626 [main] ReportManager - File Action "DoesFileExist" successfully performed. With the following test data "File Path: "src/test/resources/automationexercise/TestData/loginTestData.json"".
[INFO ] 2024-04-25 00:50:00.626 [main] ReportManager - File Action "DoesFileExist" successfully performed. With the following test data "File Path: "src/test/resources/automationexercise/TestData/loginTestData.json"".
[INFO ] 2024-04-25 00:50:00.627 [main] ReportManager - File Action "GetAbsolutePath" successfully performed. With the following test data "Relative Folder Path: "src/test/resources/automationexercise/TestData/loginTestData.json"".
[INFO ] 2024-04-25 00:50:00.631 [main] ReportManager - Successfully created attachment 'Test Data - JSON'
[INFO ] 2024-04-25 00:50:00.638 [main] ReportManager - 
[0;7m------------------------------------------------------------------------------------------------------------------------------------------------
                                            Starting execution of brfore method configuration method                                            
                                                'automationexercise.tests.LoginTest.brforeMethod'                                                
------------------------------------------------------------------------------------------------------------------------------------------------
[0m
[INFO ] 2024-04-25 00:50:00.644 [main] ReportManager - Setting "targetOperatingSystem" property with "windows".
[INFO ] 2024-04-25 00:50:00.653 [main] ReportManager - Capabilities {acceptInsecureCerts: true, browserName: chrome, goog:chromeOptions: {args: [--start-maximized, --remote-allow-origins=*, --enable-automation, --disable-background-timer-..., --disable-backgrounding-occ..., --disable-features=Calculat..., --disable-hang-monitor, --disable-domain-reliability, --disable-renderer-backgrou..., --disable-features=Autofill..., --metrics-recording-only, --no-first-run, --no-default-browser-check, --silent-debugger-extension..., --disable-extensions, --disable-component-extensi..., --disable-dev-shm-usage, --disable-features=MediaRouter, --disable-features=Translate, --disable-ipc-flooding-prot..., --disable-background-networ..., --mute-audio, --disable-breakpad, --ignore-certificate-errors, --disable-device-discovery-..., --force-color-profile=srgb, --hide-scrollbars, --host-resolver-rules, --no-pings, --disable-features=AvoidUnn..., --disable-features=Certific..., --disable-sync, --disable-features=Optimiza..., --disable-features=DialMedi..., --disable-features=GlobalMe..., --disable-features=Improved..., --disable-features=LazyFram..., --disable-field-trial-config, --enable-features=NetworkSe..., --enable-features=NetworkSe..., --enable-use-zoom-for-dsf, --log-net-log, --net-log-capture-mode, --disable-client-side-phish..., --disable-default-apps, --disable-features=Interest...], extensions: [], prefs: {download.default_directory: C:\Users\Express\IdeaProjec..., download.prompt_for_download: false, profile.default_content_settings.popups: 0}}, pageLoadStrategy: none, timeouts: {pageLoad: 60000, script: 60000}, unhandledPromptBehavior: ignore, webSocketUrl: true}
[INFO ] 2024-04-25 00:50:00.654 [main] ReportManager - Attempting to run locally on: "windows | Chrome".
[INFO ] 2024-04-25 00:50:00.654 [main] ReportManager - Identifying OS/Driver combination. Please note that if a new browser/driver executable will be downloaded it may take some time depending on your connection...
[WARN ] 2024-04-25 00:50:02.183 [main] ReportManager - Apr 25, 2024 12:50:02 AM org.openqa.selenium.devtools.CdpVersionFinder findNearestMatch
[WARN ] 2024-04-25 00:50:02.183 [main] ReportManager - WARNING: Unable to find an exact match for CDP version 124, returning the closest version; found: 120; Please update to a Selenium version that supports CDP version 124
[INFO ] 2024-04-25 00:50:02.190 [main] ReportManager - Successfully Opened: "windows | Chrome".
[INFO ] 2024-04-25 00:50:02.270 [main] ReportManager - 
[0;7m------------------------------------------------------------------------------------------------------------------------------------------------
                                        Starting Execution: '1 out of 2' test cases in the current suite                                        
                                     Test Method: 'automationexercise.tests.LoginTest.validateInValidLogin'                                     
                                      Test Description: 'Validate that the user can't login successfully '                                      
------------------------------------------------------------------------------------------------------------------------------------------------
[0m
[INFO ] 2024-04-25 00:50:02.309 [main] ReportManager - Target URL: "https://demo.nopcommerce.com/"
[INFO ] 2024-04-25 00:50:02.329 [main] ReportManager - Initial URL: "about:blank"
[INFO ] 2024-04-25 00:50:04.460 [main] ReportManager - Navigate to url "https://demo.nopcommerce.com/".
[INFO ] 2024-04-25 00:50:04.474 [main] ReportManager - Target URL: "https://demo.nopcommerce.com/"
[INFO ] 2024-04-25 00:50:04.493 [main] ReportManager - Initial URL: "https://demo.nopcommerce.com"
[INFO ] 2024-04-25 00:50:05.003 [main] ReportManager - Navigate to url "https://demo.nopcommerce.com/".
[INFO ] 2024-04-25 00:50:05.017 [main] ReportManager - Target URL: "https://demo.nopcommerce.com/"
[INFO ] 2024-04-25 00:50:05.038 [main] ReportManager - Initial URL: "https://demo.nopcommerce.com"
[INFO ] 2024-04-25 00:50:05.574 [main] ReportManager - Navigate to url "https://demo.nopcommerce.com/".
[INFO ] 2024-04-25 00:50:05.589 [main] ReportManager - Target URL: "https://demo.nopcommerce.com/"
[INFO ] 2024-04-25 00:50:05.609 [main] ReportManager - Initial URL: "https://demo.nopcommerce.com"
[INFO ] 2024-04-25 00:50:06.108 [main] ReportManager - Navigate to url "https://demo.nopcommerce.com/".
[INFO ] 2024-04-25 00:50:06.122 [main] ReportManager - Target URL: "https://demo.nopcommerce.com/"
[INFO ] 2024-04-25 00:50:06.140 [main] ReportManager - Initial URL: "https://demo.nopcommerce.com"
[INFO ] 2024-04-25 00:50:06.542 [main] ReportManager - Navigate to url "https://demo.nopcommerce.com/".
[INFO ] 2024-04-25 00:50:06.553 [main] ReportManager - Target URL: "https://demo.nopcommerce.com/"
[INFO ] 2024-04-25 00:50:06.573 [main] ReportManager - Initial URL: "https://demo.nopcommerce.com"
[INFO ] 2024-04-25 00:50:07.494 [main] ReportManager - Navigate to url "https://demo.nopcommerce.com/".
[INFO ] 2024-04-25 00:50:07.506 [main] ReportManager - Target URL: "https://demo.nopcommerce.com/"
[INFO ] 2024-04-25 00:50:07.523 [main] ReportManager - Initial URL: "https://demo.nopcommerce.com"
[WARN ] 2024-04-25 00:50:09.458 [pool-3-thread-1] ReportManager - Apr 25, 2024 12:50:09 AM org.openqa.selenium.remote.http.WebSocket$Listener onError
[WARN ] 2024-04-25 00:50:09.458 [pool-3-thread-1] ReportManager - WARNING: Connection reset
[WARN ] 2024-04-25 00:50:09.458 [pool-3-thread-1] ReportManager - java.net.SocketException: Connection reset
[WARN ] 2024-04-25 00:50:09.458 [pool-3-thread-1] ReportManager - 	at java.base/sun.nio.ch.SocketChannelImpl.throwConnectionReset(SocketChannelImpl.java:401)
[WARN ] 2024-04-25 00:50:09.458 [pool-3-thread-1] ReportManager - 	at java.base/sun.nio.ch.SocketChannelImpl.read(SocketChannelImpl.java:434)
[WARN ] 2024-04-25 00:50:09.458 [pool-3-thread-1] ReportManager - 	at java.net.http/jdk.internal.net.http.SocketTube.readAvailable(SocketTube.java:1178)
[WARN ] 2024-04-25 00:50:09.458 [pool-3-thread-1] ReportManager - 	at java.net.http/jdk.internal.net.http.SocketTube$InternalReadPublisher$InternalReadSubscription.read(SocketTube.java:841)
[WARN ] 2024-04-25 00:50:09.458 [pool-3-thread-1] ReportManager - 	at java.net.http/jdk.internal.net.http.SocketTube$SocketFlowTask.run(SocketTube.java:181)
[WARN ] 2024-04-25 00:50:09.458 [pool-3-thread-1] ReportManager - 	at java.net.http/jdk.internal.net.http.common.SequentialScheduler$SchedulableTask.run(SequentialScheduler.java:230)
[WARN ] 2024-04-25 00:50:09.458 [pool-3-thread-1] ReportManager - 	at java.net.http/jdk.internal.net.http.common.SequentialScheduler.runOrSchedule(SequentialScheduler.java:303)
[WARN ] 2024-04-25 00:50:09.458 [pool-3-thread-1] ReportManager - 	at java.net.http/jdk.internal.net.http.common.SequentialScheduler.runOrSchedule(SequentialScheduler.java:256)
[WARN ] 2024-04-25 00:50:09.458 [pool-3-thread-1] ReportManager - 	at java.net.http/jdk.internal.net.http.SocketTube$InternalReadPublisher$InternalReadSubscription.signalReadable(SocketTube.java:782)
[WARN ] 2024-04-25 00:50:09.458 [pool-3-thread-1] ReportManager - 	at java.net.http/jdk.internal.net.http.SocketTube$InternalReadPublisher$ReadEvent.signalEvent(SocketTube.java:965)
[WARN ] 2024-04-25 00:50:09.458 [pool-3-thread-1] ReportManager - 	at java.net.http/jdk.internal.net.http.SocketTube$SocketFlowEvent.handle(SocketTube.java:253)
[WARN ] 2024-04-25 00:50:09.458 [pool-3-thread-1] ReportManager - 	at java.net.http/jdk.internal.net.http.HttpClientImpl$SelectorManager.handleEvent(HttpClientImpl.java:1337)
[WARN ] 2024-04-25 00:50:09.458 [pool-3-thread-1] ReportManager - 	at java.net.http/jdk.internal.net.http.HttpClientImpl$SelectorManager.lambda$run$3(HttpClientImpl.java:1282)
[WARN ] 2024-04-25 00:50:09.458 [pool-3-thread-1] ReportManager - 	at java.base/java.util.ArrayList.forEach(ArrayList.java:1511)
[WARN ] 2024-04-25 00:50:09.458 [pool-3-thread-1] ReportManager - 	at java.net.http/jdk.internal.net.http.HttpClientImpl$SelectorManager.run(HttpClientImpl.java:1282)
[ERROR] 2024-04-25 00:50:09.472 [main] ReportManager - org.openqa.selenium.remote.UnreachableBrowserException: Error communicating with the remote browser. It may have died.
Build info: version: '4.16.1', revision: '9b4c83354e'
System info: os.name: 'Windows 11', os.arch: 'amd64', os.version: '10.0', java.version: '19.0.2'
Driver info: org.openqa.selenium.chrome.ChromeDriver
Command: [8443260a32a6aee982acdf90375dfd81, executeCdpCommand [cmd, params]]
Capabilities {acceptInsecureCerts: true, browserName: chrome, browserVersion: 124.0.6367.61, chrome: {chromedriverVersion: 124.0.6367.78 (a087f2dd364d..., userDataDir: C:\Users\Express\AppData\Lo...}, fedcm:accounts: true, goog:chromeOptions: {debuggerAddress: localhost:64895}, networkConnectionEnabled: false, pageLoadStrategy: none, platformName: windows, proxy: Proxy(), se:cdp: ws://localhost:64895/devtoo..., se:cdpVersion: 124.0.6367.61, setWindowRect: true, strictFileInteractability: false, timeouts: {implicit: 0, pageLoad: 60000, script: 60000}, unhandledPromptBehavior: ignore, webSocketUrl: ws://localhost:35784/sessio..., webauthn:extension:credBlob: true, webauthn:extension:largeBlob: true, webauthn:extension:minPinLength: true, webauthn:extension:prf: true, webauthn:virtualAuthenticators: true}
Session ID: 8443260a32a6aee982acdf90375dfd81
 org.openqa.selenium.remote.RemoteWebDriver.execute(RemoteWebDriver.java:550)
 org.openqa.selenium.remote.RemoteWebDriver.execute(RemoteWebDriver.java:596)
 org.openqa.selenium.remote.RemoteExecuteMethod.execute(RemoteExecuteMethod.java:39)
 org.openqa.selenium.chromium.AddHasCdp$1.executeCdpCommand(AddHasCdp.java:59)
 org.openqa.selenium.chromium.ChromiumDriver.executeCdpCommand(ChromiumDriver.java:335)
 com.shaft.gui.internal.image.ScreenshotHelper.makeFullScreenshot(ScreenshotHelper.java:33)
 com.shaft.gui.internal.image.ScreenshotManager.takeFullPageScreenshot(ScreenshotManager.java:251)
 com.shaft.gui.internal.image.ScreenshotManager.takeScreenshot(ScreenshotManager.java:407)
 com.shaft.gui.internal.image.ScreenshotManager.internalCaptureScreenShot(ScreenshotManager.java:353)
 com.shaft.gui.internal.image.ScreenshotManager.captureScreenShot(ScreenshotManager.java:109)
 com.shaft.gui.browser.internal.BrowserActionsHelper.reportActionResult(BrowserActionsHelper.java:104)
 com.shaft.gui.browser.internal.BrowserActionsHelper.failAction(BrowserActionsHelper.java:64)
 com.shaft.gui.browser.internal.BrowserActionsHelper.failAction(BrowserActionsHelper.java:59)
 com.shaft.gui.browser.BrowserActions.navigateToURL(BrowserActions.java:356)
 com.shaft.gui.browser.BrowserActions.navigateToURL(BrowserActions.java:267)
 automationexercise.pages.LoginPage.urlNavigate(LoginPage.java:15)
 automationexercise.pages.LoginPage.urlNavigate(LoginPage.java:16)
 automationexercise.pages.LoginPage.urlNavigate(LoginPage.java:16)
 automationexercise.pages.LoginPage.urlNavigate(LoginPage.java:16)
 automationexercise.pages.LoginPage.urlNavigate(LoginPage.java:16)
 automationexercise.pages.LoginPage.urlNavigate(LoginPage.java:16)
 automationexercise.pages.LoginPage.urlNavigate(LoginPage.java:16)
 automationexercise.tests.LoginTest.validateInValidLogin(LoginTest.java:23)
 java.base/jdk.internal.reflect.DirectMethodHandleAccessor.invoke(DirectMethodHandleAccessor.java:104)
 java.base/java.lang.reflect.Method.invoke(Method.java:578)
 org.testng.internal.invokers.MethodInvocationHelper.invokeMethod(MethodInvocationHelper.java:139)
 org.testng.internal.invokers.TestInvoker.invokeMethod(TestInvoker.java:664)
 org.testng.internal.invokers.TestInvoker.invokeTestMethod(TestInvoker.java:227)
 org.testng.internal.invokers.MethodRunner.runInSequence(MethodRunner.java:50)
 org.testng.internal.invokers.TestInvoker$MethodInvocationAgent.invoke(TestInvoker.java:957)
 org.testng.internal.invokers.TestInvoker.invokeTestMethods(TestInvoker.java:200)
 org.testng.internal.invokers.TestMethodWorker.invokeTestMethods(TestMethodWorker.java:148)
 org.testng.internal.invokers.TestMethodWorker.run(TestMethodWorker.java:128)
 java.base/java.util.ArrayList.forEach(ArrayList.java:1511)
 org.testng.TestRunner.privateRun(TestRunner.java:848)
 org.testng.TestRunner.run(TestRunner.java:621)
 org.testng.SuiteRunner.runTest(SuiteRunner.java:443)
 org.testng.SuiteRunner.runSequentially(SuiteRunner.java:437)
 org.testng.SuiteRunner.privateRun(SuiteRunner.java:397)
 org.testng.SuiteRunner.run(SuiteRunner.java:336)
 org.testng.SuiteRunnerWorker.runSuite(SuiteRunnerWorker.java:52)
 org.testng.SuiteRunnerWorker.run(SuiteRunnerWorker.java:95)
 org.testng.TestNG.runSuitesSequentially(TestNG.java:1280)
 org.testng.TestNG.runSuitesLocally(TestNG.java:1200)
 org.testng.TestNG.runSuites(TestNG.java:1114)
 org.testng.TestNG.run(TestNG.java:1082)
 com.intellij.rt.testng.IDEARemoteTestNG.run(IDEARemoteTestNG.java:65)
 com.intellij.rt.testng.RemoteTestNGStarter.main(RemoteTestNGStarter.java:105)

Caused by: java.io.UncheckedIOException: java.net.ConnectException
 org.openqa.selenium.remote.http.jdk.JdkHttpClient.execute0(JdkHttpClient.java:442)
 org.openqa.selenium.remote.http.AddSeleniumUserAgent.lambda$apply$0(AddSeleniumUserAgent.java:42)
 org.openqa.selenium.remote.http.Filter.lambda$andFinally$1(Filter.java:55)
 org.openqa.selenium.remote.http.jdk.JdkHttpClient.execute(JdkHttpClient.java:358)
 org.openqa.selenium.remote.HttpCommandExecutor.execute(HttpCommandExecutor.java:188)
 org.openqa.selenium.remote.service.DriverCommandExecutor.invokeExecute(DriverCommandExecutor.java:200)
 org.openqa.selenium.remote.service.DriverCommandExecutor.execute(DriverCommandExecutor.java:175)
 org.openqa.selenium.remote.RemoteWebDriver.execute(RemoteWebDriver.java:523)
 org.openqa.selenium.remote.RemoteWebDriver.execute(RemoteWebDriver.java:596)
 org.openqa.selenium.remote.RemoteExecuteMethod.execute(RemoteExecuteMethod.java:39)
 org.openqa.selenium.chromium.AddHasCdp$1.executeCdpCommand(AddHasCdp.java:59)
 org.openqa.selenium.chromium.ChromiumDriver.executeCdpCommand(ChromiumDriver.java:335)
 com.shaft.gui.internal.image.ScreenshotHelper.makeFullScreenshot(ScreenshotHelper.java:33)
 com.shaft.gui.internal.image.ScreenshotManager.takeFullPageScreenshot(ScreenshotManager.java:251)
 com.shaft.gui.internal.image.ScreenshotManager.takeScreenshot(ScreenshotManager.java:407)
 com.shaft.gui.internal.image.ScreenshotManager.internalCaptureScreenShot(ScreenshotManager.java:353)
 com.shaft.gui.internal.image.ScreenshotManager.captureScreenShot(ScreenshotManager.java:109)
 com.shaft.gui.browser.internal.BrowserActionsHelper.reportActionResult(BrowserActionsHelper.java:104)
 com.shaft.gui.browser.internal.BrowserActionsHelper.failAction(BrowserActionsHelper.java:64)
 com.shaft.gui.browser.internal.BrowserActionsHelper.failAction(BrowserActionsHelper.java:59)
 com.shaft.gui.browser.BrowserActions.navigateToURL(BrowserActions.java:356)
 com.shaft.gui.browser.BrowserActions.navigateToURL(BrowserActions.java:267)
 automationexercise.pages.LoginPage.urlNavigate(LoginPage.java:15)
 automationexercise.pages.LoginPage.urlNavigate(LoginPage.java:16)
 automationexercise.pages.LoginPage.urlNavigate(LoginPage.java:16)
 automationexercise.pages.LoginPage.urlNavigate(LoginPage.java:16)
 automationexercise.pages.LoginPage.urlNavigate(LoginPage.java:16)
 automationexercise.pages.LoginPage.urlNavigate(LoginPage.java:16)
 automationexercise.pages.LoginPage.urlNavigate(LoginPage.java:16)
 automationexercise.tests.LoginTest.validateInValidLogin(LoginTest.java:23)
 java.base/jdk.internal.reflect.DirectMethodHandleAccessor.invoke(DirectMethodHandleAccessor.java:104)
 java.base/java.lang.reflect.Method.invoke(Method.java:578)
 org.testng.internal.invokers.MethodInvocationHelper.invokeMethod(MethodInvocationHelper.java:139)
 org.testng.internal.invokers.TestInvoker.invokeMethod(TestInvoker.java:664)
 org.testng.internal.invokers.TestInvoker.invokeTestMethod(TestInvoker.java:227)
 org.testng.internal.invokers.MethodRunner.runInSequence(MethodRunner.java:50)
 org.testng.internal.invokers.TestInvoker$MethodInvocationAgent.invoke(TestInvoker.java:957)
 org.testng.internal.invokers.TestInvoker.invokeTestMethods(TestInvoker.java:200)
 org.testng.internal.invokers.TestMethodWorker.invokeTestMethods(TestMethodWorker.java:148)
 org.testng.internal.invokers.TestMethodWorker.run(TestMethodWorker.java:128)
 java.base/java.util.ArrayList.forEach(ArrayList.java:1511)
 org.testng.TestRunner.privateRun(TestRunner.java:848)
 org.testng.TestRunner.run(TestRunner.java:621)
 org.testng.SuiteRunner.runTest(SuiteRunner.java:443)
 org.testng.SuiteRunner.runSequentially(SuiteRunner.java:437)
 org.testng.SuiteRunner.privateRun(SuiteRunner.java:397)
 org.testng.SuiteRunner.run(SuiteRunner.java:336)
 org.testng.SuiteRunnerWorker.runSuite(SuiteRunnerWorker.java:52)
 org.testng.SuiteRunnerWorker.run(SuiteRunnerWorker.java:95)
 org.testng.TestNG.runSuitesSequentially(TestNG.java:1280)
 org.testng.TestNG.runSuitesLocally(TestNG.java:1200)
 org.testng.TestNG.runSuites(TestNG.java:1114)
 org.testng.TestNG.run(TestNG.java:1082)
 com.intellij.rt.testng.IDEARemoteTestNG.run(IDEARemoteTestNG.java:65)
 com.intellij.rt.testng.RemoteTestNGStarter.main(RemoteTestNGStarter.java:105)

Caused by: java.net.ConnectException: null
 java.net.http/jdk.internal.net.http.common.Utils.toConnectException(Utils.java:1045)
 java.net.http/jdk.internal.net.http.PlainHttpConnection.connectAsync(PlainHttpConnection.java:224)
 java.net.http/jdk.internal.net.http.PlainHttpConnection.checkRetryConnect(PlainHttpConnection.java:259)
 java.net.http/jdk.internal.net.http.PlainHttpConnection.lambda$connectAsync$2(PlainHttpConnection.java:235)
 java.base/java.util.concurrent.CompletableFuture.uniHandle(CompletableFuture.java:934)
 java.base/java.util.concurrent.CompletableFuture$UniHandle.tryFire(CompletableFuture.java:911)
 java.base/java.util.concurrent.CompletableFuture.postComplete(CompletableFuture.java:510)
 java.base/java.util.concurrent.CompletableFuture$AsyncSupply.run(CompletableFuture.java:1773)
 java.base/java.util.concurrent.ThreadPoolExecutor.runWorker(ThreadPoolExecutor.java:1144)
 java.base/java.util.concurrent.ThreadPoolExecutor$Worker.run(ThreadPoolExecutor.java:642)
 java.base/java.lang.Thread.run(Thread.java:1589)

Caused by: java.nio.channels.ClosedChannelException: null
 java.base/sun.nio.ch.SocketChannelImpl.ensureOpen(SocketChannelImpl.java:202)
 java.base/sun.nio.ch.SocketChannelImpl.beginConnect(SocketChannelImpl.java:786)
 java.base/sun.nio.ch.SocketChannelImpl.connect(SocketChannelImpl.java:874)
 java.net.http/jdk.internal.net.http.PlainHttpConnection.lambda$connectAsync$1(PlainHttpConnection.java:208)
 java.base/java.security.AccessController.doPrivileged(AccessController.java:569)
 java.net.http/jdk.internal.net.http.PlainHttpConnection.connectAsync(PlainHttpConnection.java:210)
 java.net.http/jdk.internal.net.http.PlainHttpConnection.checkRetryConnect(PlainHttpConnection.java:259)
 java.net.http/jdk.internal.net.http.PlainHttpConnection.lambda$connectAsync$2(PlainHttpConnection.java:235)
 java.base/java.util.concurrent.CompletableFuture.uniHandle(CompletableFuture.java:934)
 java.base/java.util.concurrent.CompletableFuture$UniHandle.tryFire(CompletableFuture.java:911)
 java.base/java.util.concurrent.CompletableFuture.postComplete(CompletableFuture.java:510)
 java.base/java.util.concurrent.CompletableFuture$AsyncSupply.run(CompletableFuture.java:1773)
 java.base/java.util.concurrent.ThreadPoolExecutor.runWorker(ThreadPoolExecutor.java:1144)
 java.base/java.util.concurrent.ThreadPoolExecutor$Worker.run(ThreadPoolExecutor.java:642)
 java.base/java.lang.Thread.run(Thread.java:1589)
[INFO ] 2024-04-25 00:50:09.515 [main] ReportManager - Successfully created attachment 'Screenshot manager - Get  stack  trace - Exception Stacktrace'
[INFO ] 2024-04-25 00:50:09.531 [main] ReportManager - Successfully created attachment 'SHAFT Engine Logs - Current Method log: brforeMethod'
[INFO ] 2024-04-25 00:50:09.546 [main] ReportManager - Successfully created attachment 'SHAFT Engine Logs - Current Method log: validateInValidLogin'
[INFO ] 2024-04-25 00:50:09.546 [main] ReportManager - 
[0;7m------------------------------------------------------------------------------------------------------------------------------------------------
                          Finished Execution of Test Method: 'automationexercise.tests.LoginTest.validateInValidLogin'                          
                                      Test Description: 'Validate that the user can't login successfully '                                      
                                                              Test Status: 'Failed'                                                              
------------------------------------------------------------------------------------------------------------------------------------------------
[0m
[INFO ] 2024-04-25 00:50:09.578 [main] ReportManager - 
[0;7m------------------------------------------------------------------------------------------------------------------------------------------------
                                              Starting execution of tear down configuration method                                              
                                                  'automationexercise.tests.LoginTest.tearDown'                                                  
------------------------------------------------------------------------------------------------------------------------------------------------
[0m
[ERROR] 2024-04-25 00:50:09.595 [main] ReportManager - org.openqa.selenium.remote.UnreachableBrowserException: Error communicating with the remote browser. It may have died.
Build info: version: '4.16.1', revision: '9b4c83354e'
System info: os.name: 'Windows 11', os.arch: 'amd64', os.version: '10.0', java.version: '19.0.2'
Driver info: org.openqa.selenium.chrome.ChromeDriver
Command: [8443260a32a6aee982acdf90375dfd81, executeScript [script, args]]
Capabilities {acceptInsecureCerts: true, browserName: chrome, browserVersion: 124.0.6367.61, chrome: {chromedriverVersion: 124.0.6367.78 (a087f2dd364d..., userDataDir: C:\Users\Express\AppData\Lo...}, fedcm:accounts: true, goog:chromeOptions: {debuggerAddress: localhost:64895}, networkConnectionEnabled: false, pageLoadStrategy: none, platformName: windows, proxy: Proxy(), se:cdp: ws://localhost:64895/devtoo..., se:cdpVersion: 124.0.6367.61, setWindowRect: true, strictFileInteractability: false, timeouts: {implicit: 0, pageLoad: 60000, script: 60000}, unhandledPromptBehavior: ignore, webSocketUrl: ws://localhost:35784/sessio..., webauthn:extension:credBlob: true, webauthn:extension:largeBlob: true, webauthn:extension:minPinLength: true, webauthn:extension:prf: true, webauthn:virtualAuthenticators: true}
Session ID: 8443260a32a6aee982acdf90375dfd81
 org.openqa.selenium.remote.RemoteWebDriver.execute(RemoteWebDriver.java:550)
 org.openqa.selenium.remote.RemoteWebDriver.executeScript(RemoteWebDriver.java:468)
 com.shaft.gui.browser.internal.JavaScriptWaitManager.waitForJQueryLoadIfDefined(JavaScriptWaitManager.java:59)
 com.shaft.gui.browser.internal.JavaScriptWaitManager.waitForLazyLoading(JavaScriptWaitManager.java:42)
 com.shaft.gui.browser.BrowserActions.getInstance(BrowserActions.java:59)
 com.shaft.driver.SHAFT$GUI$WebDriver.browser(SHAFT.java:73)
 automationexercise.tests.testBase.tearDown(testBase.java:17)
 java.base/jdk.internal.reflect.DirectMethodHandleAccessor.invoke(DirectMethodHandleAccessor.java:104)
 java.base/java.lang.reflect.Method.invoke(Method.java:578)
 org.testng.internal.invokers.MethodInvocationHelper.invokeMethod(MethodInvocationHelper.java:139)
 org.testng.internal.invokers.MethodInvocationHelper.invokeMethodConsideringTimeout(MethodInvocationHelper.java:69)
 org.testng.internal.invokers.ConfigInvoker.invokeConfigurationMethod(ConfigInvoker.java:390)
 org.testng.internal.invokers.ConfigInvoker.invokeConfigurations(ConfigInvoker.java:325)
 org.testng.internal.invokers.TestInvoker.runConfigMethods(TestInvoker.java:810)
 org.testng.internal.invokers.TestInvoker.runAfterConfigurations(TestInvoker.java:779)
 org.testng.internal.invokers.TestInvoker.invokeMethod(TestInvoker.java:755)
 org.testng.internal.invokers.TestInvoker.invokeTestMethod(TestInvoker.java:227)
 org.testng.internal.invokers.MethodRunner.runInSequence(MethodRunner.java:50)
 org.testng.internal.invokers.TestInvoker$MethodInvocationAgent.invoke(TestInvoker.java:957)
 org.testng.internal.invokers.TestInvoker.invokeTestMethods(TestInvoker.java:200)
 org.testng.internal.invokers.TestMethodWorker.invokeTestMethods(TestMethodWorker.java:148)
 org.testng.internal.invokers.TestMethodWorker.run(TestMethodWorker.java:128)
 java.base/java.util.ArrayList.forEach(ArrayList.java:1511)
 org.testng.TestRunner.privateRun(TestRunner.java:848)
 org.testng.TestRunner.run(TestRunner.java:621)
 org.testng.SuiteRunner.runTest(SuiteRunner.java:443)
 org.testng.SuiteRunner.runSequentially(SuiteRunner.java:437)
 org.testng.SuiteRunner.privateRun(SuiteRunner.java:397)
 org.testng.SuiteRunner.run(SuiteRunner.java:336)
 org.testng.SuiteRunnerWorker.runSuite(SuiteRunnerWorker.java:52)
 org.testng.SuiteRunnerWorker.run(SuiteRunnerWorker.java:95)
 org.testng.TestNG.runSuitesSequentially(TestNG.java:1280)
 org.testng.TestNG.runSuitesLocally(TestNG.java:1200)
 org.testng.TestNG.runSuites(TestNG.java:1114)
 org.testng.TestNG.run(TestNG.java:1082)
 com.intellij.rt.testng.IDEARemoteTestNG.run(IDEARemoteTestNG.java:65)
 com.intellij.rt.testng.RemoteTestNGStarter.main(RemoteTestNGStarter.java:105)

Caused by: java.io.UncheckedIOException: java.net.ConnectException
 org.openqa.selenium.remote.http.jdk.JdkHttpClient.execute0(JdkHttpClient.java:442)
 org.openqa.selenium.remote.http.AddSeleniumUserAgent.lambda$apply$0(AddSeleniumUserAgent.java:42)
 org.openqa.selenium.remote.http.Filter.lambda$andFinally$1(Filter.java:55)
 org.openqa.selenium.remote.http.jdk.JdkHttpClient.execute(JdkHttpClient.java:358)
 org.openqa.selenium.remote.HttpCommandExecutor.execute(HttpCommandExecutor.java:188)
 org.openqa.selenium.remote.service.DriverCommandExecutor.invokeExecute(DriverCommandExecutor.java:200)
 org.openqa.selenium.remote.service.DriverCommandExecutor.execute(DriverCommandExecutor.java:175)
 org.openqa.selenium.remote.RemoteWebDriver.execute(RemoteWebDriver.java:523)
 org.openqa.selenium.remote.RemoteWebDriver.executeScript(RemoteWebDriver.java:468)
 com.shaft.gui.browser.internal.JavaScriptWaitManager.waitForJQueryLoadIfDefined(JavaScriptWaitManager.java:59)
 com.shaft.gui.browser.internal.JavaScriptWaitManager.waitForLazyLoading(JavaScriptWaitManager.java:42)
 com.shaft.gui.browser.BrowserActions.getInstance(BrowserActions.java:59)
 com.shaft.driver.SHAFT$GUI$WebDriver.browser(SHAFT.java:73)
 automationexercise.tests.testBase.tearDown(testBase.java:17)
 java.base/jdk.internal.reflect.DirectMethodHandleAccessor.invoke(DirectMethodHandleAccessor.java:104)
 java.base/java.lang.reflect.Method.invoke(Method.java:578)
 org.testng.internal.invokers.MethodInvocationHelper.invokeMethod(MethodInvocationHelper.java:139)
 org.testng.internal.invokers.MethodInvocationHelper.invokeMethodConsideringTimeout(MethodInvocationHelper.java:69)
 org.testng.internal.invokers.ConfigInvoker.invokeConfigurationMethod(ConfigInvoker.java:390)
 org.testng.internal.invokers.ConfigInvoker.invokeConfigurations(ConfigInvoker.java:325)
 org.testng.internal.invokers.TestInvoker.runConfigMethods(TestInvoker.java:810)
 org.testng.internal.invokers.TestInvoker.runAfterConfigurations(TestInvoker.java:779)
 org.testng.internal.invokers.TestInvoker.invokeMethod(TestInvoker.java:755)
 org.testng.internal.invokers.TestInvoker.invokeTestMethod(TestInvoker.java:227)
 org.testng.internal.invokers.MethodRunner.runInSequence(MethodRunner.java:50)
 org.testng.internal.invokers.TestInvoker$MethodInvocationAgent.invoke(TestInvoker.java:957)
 org.testng.internal.invokers.TestInvoker.invokeTestMethods(TestInvoker.java:200)
 org.testng.internal.invokers.TestMethodWorker.invokeTestMethods(TestMethodWorker.java:148)
 org.testng.internal.invokers.TestMethodWorker.run(TestMethodWorker.java:128)
 java.base/java.util.ArrayList.forEach(ArrayList.java:1511)
 org.testng.TestRunner.privateRun(TestRunner.java:848)
 org.testng.TestRunner.run(TestRunner.java:621)
 org.testng.SuiteRunner.runTest(SuiteRunner.java:443)
 org.testng.SuiteRunner.runSequentially(SuiteRunner.java:437)
 org.testng.SuiteRunner.privateRun(SuiteRunner.java:397)
 org.testng.SuiteRunner.run(SuiteRunner.java:336)
 org.testng.SuiteRunnerWorker.runSuite(SuiteRunnerWorker.java:52)
 org.testng.SuiteRunnerWorker.run(SuiteRunnerWorker.java:95)
 org.testng.TestNG.runSuitesSequentially(TestNG.java:1280)
 org.testng.TestNG.runSuitesLocally(TestNG.java:1200)
 org.testng.TestNG.runSuites(TestNG.java:1114)
 org.testng.TestNG.run(TestNG.java:1082)
 com.intellij.rt.testng.IDEARemoteTestNG.run(IDEARemoteTestNG.java:65)
 com.intellij.rt.testng.RemoteTestNGStarter.main(RemoteTestNGStarter.java:105)

Caused by: java.net.ConnectException: null
 java.net.http/jdk.internal.net.http.common.Utils.toConnectException(Utils.java:1045)
 java.net.http/jdk.internal.net.http.PlainHttpConnection.connectAsync(PlainHttpConnection.java:224)
 java.net.http/jdk.internal.net.http.PlainHttpConnection.checkRetryConnect(PlainHttpConnection.java:259)
 java.net.http/jdk.internal.net.http.PlainHttpConnection.lambda$connectAsync$2(PlainHttpConnection.java:235)
 java.base/java.util.concurrent.CompletableFuture.uniHandle(CompletableFuture.java:934)
 java.base/java.util.concurrent.CompletableFuture$UniHandle.tryFire(CompletableFuture.java:911)
 java.base/java.util.concurrent.CompletableFuture.postComplete(CompletableFuture.java:510)
 java.base/java.util.concurrent.CompletableFuture$AsyncSupply.run(CompletableFuture.java:1773)
 java.base/java.util.concurrent.ThreadPoolExecutor.runWorker(ThreadPoolExecutor.java:1144)
 java.base/java.util.concurrent.ThreadPoolExecutor$Worker.run(ThreadPoolExecutor.java:642)
 java.base/java.lang.Thread.run(Thread.java:1589)

Caused by: java.nio.channels.ClosedChannelException: null
 java.base/sun.nio.ch.SocketChannelImpl.ensureOpen(SocketChannelImpl.java:202)
 java.base/sun.nio.ch.SocketChannelImpl.beginConnect(SocketChannelImpl.java:786)
 java.base/sun.nio.ch.SocketChannelImpl.connect(SocketChannelImpl.java:874)
 java.net.http/jdk.internal.net.http.PlainHttpConnection.lambda$connectAsync$1(PlainHttpConnection.java:208)
 java.base/java.security.AccessController.doPrivileged(AccessController.java:569)
 java.net.http/jdk.internal.net.http.PlainHttpConnection.connectAsync(PlainHttpConnection.java:210)
 java.net.http/jdk.internal.net.http.PlainHttpConnection.checkRetryConnect(PlainHttpConnection.java:259)
 java.net.http/jdk.internal.net.http.PlainHttpConnection.lambda$connectAsync$2(PlainHttpConnection.java:235)
 java.base/java.util.concurrent.CompletableFuture.uniHandle(CompletableFuture.java:934)
 java.base/java.util.concurrent.CompletableFuture$UniHandle.tryFire(CompletableFuture.java:911)
 java.base/java.util.concurrent.CompletableFuture.postComplete(CompletableFuture.java:510)
 java.base/java.util.concurrent.CompletableFuture$AsyncSupply.run(CompletableFuture.java:1773)
 java.base/java.util.concurrent.ThreadPoolExecutor.runWorker(ThreadPoolExecutor.java:1144)
 java.base/java.util.concurrent.ThreadPoolExecutor$Worker.run(ThreadPoolExecutor.java:642)
 java.base/java.lang.Thread.run(Thread.java:1589)
[INFO ] 2024-04-25 00:50:09.611 [main] ReportManager - Successfully created attachment 'Browser Action Exception - Close current window - Stacktrace'
[INFO ] 2024-04-25 00:50:09.626 [main] ReportManager - Successfully created attachment 'Database actions - Get  stack  trace - Exception Stacktrace'
[INFO ] 2024-04-25 00:50:09.626 [main] ReportManager - Successfully created attachment 'SHAFT Engine Logs - Current Method log: tearDown'
[INFO ] 2024-04-25 00:50:09.658 [main] ReportManager - 
[0;7m------------------------------------------------------------------------------------------------------------------------------------------------
                                            Starting execution of brfore method configuration method                                            
                                                'automationexercise.tests.LoginTest.brforeMethod'                                                
------------------------------------------------------------------------------------------------------------------------------------------------
[0m
[INFO ] 2024-04-25 00:50:09.658 [main] ReportManager - 
[0;7m------------------------------------------------------------------------------------------------------------------------------------------------
                                        Starting Execution: '2 out of 2' test cases in the current suite                                        
                                      Test Method: 'automationexercise.tests.LoginTest.validateValidLogin'                                      
                                       Test Description: 'Validate that the user can  login Successfully'                                       
------------------------------------------------------------------------------------------------------------------------------------------------
[0m
[INFO ] 2024-04-25 00:50:09.674 [main] ReportManager - Successfully created attachment 'SHAFT Engine Logs - Current Method log: validateValidLogin'
[INFO ] 2024-04-25 00:50:09.674 [main] ReportManager - 
[0;7m------------------------------------------------------------------------------------------------------------------------------------------------
                           Finished Execution of Test Method: 'automationexercise.tests.LoginTest.validateValidLogin'                           
                                       Test Description: 'Validate that the user can  login Successfully'                                       
                                                             Test Status: 'Skipped'                                                             
------------------------------------------------------------------------------------------------------------------------------------------------
[0m
[INFO ] 2024-04-25 00:50:09.674 [main] ReportManager - 
[0;7m------------------------------------------------------------------------------------------------------------------------------------------------
                                              Starting execution of tear down configuration method                                              
                                                  'automationexercise.tests.LoginTest.tearDown'                                                  
------------------------------------------------------------------------------------------------------------------------------------------------
[0m
[INFO ] 2024-04-25 00:50:09.690 [main] ReportManager - 
[0;7m------------------------------------------------------------------------------------------------------------------------------------------------
                                           Starting execution of engine teardown configuration method                                           
                                        'com.shaft.listeners.internal.ConfigurationHelper.engineTeardown'                                        
------------------------------------------------------------------------------------------------------------------------------------------------
[0m
[INFO ] 2024-04-25 00:50:09.690 [main] ReportManager - Successfully created attachment 'SHAFT Engine Logs - Execution log'
[INFO ] 2024-04-25 00:50:09.690 [main] ReportManager - File Action "DoesFileExist" successfully performed. With the following test data "File Path: "target/logs/log4j.log"".
[INFO ] 2024-04-25 00:50:09.690 [main] ReportManager - File Action "GetAbsolutePath" successfully performed. With the following test data "Relative Folder Path: "target/logs/log4j.log"".
