{"uuid":"42b1e98e-798a-4330-be79-245456da4dc8","historyId":"f1650beb230515c621ba5a5c193c7281","fullName":"automationexercise.tests.LoginTest.validateInValidLogin","labels":[{"name":"package","value":"automationexercise.tests.LoginTest"},{"name":"testClass","value":"automationexercise.tests.LoginTest"},{"name":"testMethod","value":"validateInValidLogin"},{"name":"parentSuite","value":"Default Suite"},{"name":"suite","value":"Nopcommerce-automation-using-SHAFT-engine"},{"name":"subSuite","value":"automationexercise.tests.LoginTest"},{"name":"host","value":"DESKTOP-S1D0J5A"},{"name":"thread","value":"6984@DESKTOP-S1D0J5A.main(1)"},{"name":"framework","value":"testng"},{"name":"language","value":"java"},{"name":"story","value":"Login"},{"name":"epic","value":"User Management"}],"links":[],"name":"Validate that the user can't login successfully ","status":"failed","statusDetails":{"known":false,"muted":false,"flaky":false,"message":"Failed to capture screenshot Root cause: \"java.nio.channels.ClosedChannelException: \"","trace":"java.lang.AssertionError: Failed to capture screenshot Root cause: \"java.nio.channels.ClosedChannelException: \"\r\n\tat org.testng.Assert.fail(Assert.java:99)\r\n\tat com.shaft.tools.io.internal.FailureReporter.fail(FailureReporter.java:38)\r\n\tat com.shaft.gui.internal.image.ScreenshotManager.takeViewportScreenshot(ScreenshotManager.java:226)\r\n\tat com.shaft.gui.internal.image.ScreenshotManager.takeFullPageScreenshot(ScreenshotManager.java:255)\r\n\tat com.shaft.gui.internal.image.ScreenshotManager.takeScreenshot(ScreenshotManager.java:407)\r\n\tat com.shaft.gui.internal.image.ScreenshotManager.internalCaptureScreenShot(ScreenshotManager.java:353)\r\n\tat com.shaft.gui.internal.image.ScreenshotManager.captureScreenShot(ScreenshotManager.java:109)\r\n\tat com.shaft.gui.browser.internal.BrowserActionsHelper.reportActionResult(BrowserActionsHelper.java:104)\r\n\tat com.shaft.gui.browser.internal.BrowserActionsHelper.failAction(BrowserActionsHelper.java:64)\r\n\tat com.shaft.gui.browser.internal.BrowserActionsHelper.failAction(BrowserActionsHelper.java:59)\r\n\tat com.shaft.gui.browser.BrowserActions.navigateToURL(BrowserActions.java:356)\r\n\tat com.shaft.gui.browser.BrowserActions.navigateToURL(BrowserActions.java:267)\r\n\tat automationexercise.pages.LoginPage.urlNavigate(LoginPage.java:15)\r\n\tat automationexercise.pages.LoginPage.urlNavigate(LoginPage.java:16)\r\n\tat automationexercise.pages.LoginPage.urlNavigate(LoginPage.java:16)\r\n\tat automationexercise.pages.LoginPage.urlNavigate(LoginPage.java:16)\r\n\tat automationexercise.pages.LoginPage.urlNavigate(LoginPage.java:16)\r\n\tat automationexercise.pages.LoginPage.urlNavigate(LoginPage.java:16)\r\n\tat automationexercise.pages.LoginPage.urlNavigate(LoginPage.java:16)\r\n\tat automationexercise.tests.LoginTest.validateInValidLogin(LoginTest.java:23)\r\n\tat java.base/jdk.internal.reflect.DirectMethodHandleAccessor.invoke(DirectMethodHandleAccessor.java:104)\r\n\tat java.base/java.lang.reflect.Method.invoke(Method.java:578)\r\n\tat org.testng.internal.invokers.MethodInvocationHelper.invokeMethod(MethodInvocationHelper.java:139)\r\n\tat org.testng.internal.invokers.TestInvoker.invokeMethod(TestInvoker.java:664)\r\n\tat org.testng.internal.invokers.TestInvoker.invokeTestMethod(TestInvoker.java:227)\r\n\tat org.testng.internal.invokers.MethodRunner.runInSequence(MethodRunner.java:50)\r\n\tat org.testng.internal.invokers.TestInvoker$MethodInvocationAgent.invoke(TestInvoker.java:957)\r\n\tat org.testng.internal.invokers.TestInvoker.invokeTestMethods(TestInvoker.java:200)\r\n\tat org.testng.internal.invokers.TestMethodWorker.invokeTestMethods(TestMethodWorker.java:148)\r\n\tat org.testng.internal.invokers.TestMethodWorker.run(TestMethodWorker.java:128)\r\n\tat java.base/java.util.ArrayList.forEach(ArrayList.java:1511)\r\n\tat org.testng.TestRunner.privateRun(TestRunner.java:848)\r\n\tat org.testng.TestRunner.run(TestRunner.java:621)\r\n\tat org.testng.SuiteRunner.runTest(SuiteRunner.java:443)\r\n\tat org.testng.SuiteRunner.runSequentially(SuiteRunner.java:437)\r\n\tat org.testng.SuiteRunner.privateRun(SuiteRunner.java:397)\r\n\tat org.testng.SuiteRunner.run(SuiteRunner.java:336)\r\n\tat org.testng.SuiteRunnerWorker.runSuite(SuiteRunnerWorker.java:52)\r\n\tat org.testng.SuiteRunnerWorker.run(SuiteRunnerWorker.java:95)\r\n\tat org.testng.TestNG.runSuitesSequentially(TestNG.java:1280)\r\n\tat org.testng.TestNG.runSuitesLocally(TestNG.java:1200)\r\n\tat org.testng.TestNG.runSuites(TestNG.java:1114)\r\n\tat org.testng.TestNG.run(TestNG.java:1082)\r\n\tat com.intellij.rt.testng.IDEARemoteTestNG.run(IDEARemoteTestNG.java:65)\r\n\tat com.intellij.rt.testng.RemoteTestNGStarter.main(RemoteTestNGStarter.java:105)\r\nCaused by: org.openqa.selenium.remote.UnreachableBrowserException: Error communicating with the remote browser. It may have died.\nBuild info: version: '4.16.1', revision: '9b4c83354e'\nSystem info: os.name: 'Windows 11', os.arch: 'amd64', os.version: '10.0', java.version: '19.0.2'\nDriver info: org.openqa.selenium.chrome.ChromeDriver\nCommand: [8443260a32a6aee982acdf90375dfd81, screenshot []]\nCapabilities {acceptInsecureCerts: true, browserName: chrome, browserVersion: 124.0.6367.61, chrome: {chromedriverVersion: 124.0.6367.78 (a087f2dd364d..., userDataDir: C:\\Users\\Express\\AppData\\Lo...}, fedcm:accounts: true, goog:chromeOptions: {debuggerAddress: localhost:64895}, networkConnectionEnabled: false, pageLoadStrategy: none, platformName: windows, proxy: Proxy(), se:cdp: ws://localhost:64895/devtoo..., se:cdpVersion: 124.0.6367.61, setWindowRect: true, strictFileInteractability: false, timeouts: {implicit: 0, pageLoad: 60000, script: 60000}, unhandledPromptBehavior: ignore, webSocketUrl: ws://localhost:35784/sessio..., webauthn:extension:credBlob: true, webauthn:extension:largeBlob: true, webauthn:extension:minPinLength: true, webauthn:extension:prf: true, webauthn:virtualAuthenticators: true}\nSession ID: 8443260a32a6aee982acdf90375dfd81\r\n\tat org.openqa.selenium.remote.RemoteWebDriver.execute(RemoteWebDriver.java:550)\r\n\tat org.openqa.selenium.remote.RemoteWebDriver.execute(RemoteWebDriver.java:596)\r\n\tat org.openqa.selenium.remote.RemoteWebDriver.execute(RemoteWebDriver.java:600)\r\n\tat org.openqa.selenium.remote.RemoteWebDriver.getScreenshotAs(RemoteWebDriver.java:326)\r\n\tat com.shaft.gui.internal.image.ScreenshotManager.takeViewportScreenshot(ScreenshotManager.java:222)\r\n\t... 42 more\r\nCaused by: java.io.UncheckedIOException: java.net.ConnectException\r\n\tat org.openqa.selenium.remote.http.jdk.JdkHttpClient.execute0(JdkHttpClient.java:442)\r\n\tat org.openqa.selenium.remote.http.AddSeleniumUserAgent.lambda$apply$0(AddSeleniumUserAgent.java:42)\r\n\tat org.openqa.selenium.remote.http.Filter.lambda$andFinally$1(Filter.java:55)\r\n\tat org.openqa.selenium.remote.http.jdk.JdkHttpClient.execute(JdkHttpClient.java:358)\r\n\tat org.openqa.selenium.remote.HttpCommandExecutor.execute(HttpCommandExecutor.java:188)\r\n\tat org.openqa.selenium.remote.service.DriverCommandExecutor.invokeExecute(DriverCommandExecutor.java:200)\r\n\tat org.openqa.selenium.remote.service.DriverCommandExecutor.execute(DriverCommandExecutor.java:175)\r\n\tat org.openqa.selenium.remote.RemoteWebDriver.execute(RemoteWebDriver.java:523)\r\n\t... 46 more\r\nCaused by: java.net.ConnectException\r\n\tat java.net.http/jdk.internal.net.http.common.Utils.toConnectException(Utils.java:1045)\r\n\tat java.net.http/jdk.internal.net.http.PlainHttpConnection.connectAsync(PlainHttpConnection.java:224)\r\n\tat java.net.http/jdk.internal.net.http.PlainHttpConnection.checkRetryConnect(PlainHttpConnection.java:259)\r\n\tat java.net.http/jdk.internal.net.http.PlainHttpConnection.lambda$connectAsync$2(PlainHttpConnection.java:235)\r\n\tat java.base/java.util.concurrent.CompletableFuture.uniHandle(CompletableFuture.java:934)\r\n\tat java.base/java.util.concurrent.CompletableFuture$UniHandle.tryFire(CompletableFuture.java:911)\r\n\tat java.base/java.util.concurrent.CompletableFuture.postComplete(CompletableFuture.java:510)\r\n\tat java.base/java.util.concurrent.CompletableFuture$AsyncSupply.run(CompletableFuture.java:1773)\r\n\tat java.base/java.util.concurrent.ThreadPoolExecutor.runWorker(ThreadPoolExecutor.java:1144)\r\n\tat java.base/java.util.concurrent.ThreadPoolExecutor$Worker.run(ThreadPoolExecutor.java:642)\r\n\tat java.base/java.lang.Thread.run(Thread.java:1589)\r\nCaused by: java.nio.channels.ClosedChannelException\r\n\tat java.base/sun.nio.ch.SocketChannelImpl.ensureOpen(SocketChannelImpl.java:202)\r\n\tat java.base/sun.nio.ch.SocketChannelImpl.beginConnect(SocketChannelImpl.java:786)\r\n\tat java.base/sun.nio.ch.SocketChannelImpl.connect(SocketChannelImpl.java:874)\r\n\tat java.net.http/jdk.internal.net.http.PlainHttpConnection.lambda$connectAsync$1(PlainHttpConnection.java:208)\r\n\tat java.base/java.security.AccessController.doPrivileged(AccessController.java:569)\r\n\tat java.net.http/jdk.internal.net.http.PlainHttpConnection.connectAsync(PlainHttpConnection.java:210)\r\n\t... 9 more\r\n"},"stage":"finished","steps":[{"name":"Navigate to url \"https://demo.nopcommerce.com/\".","status":"passed","stage":"finished","steps":[],"attachments":[],"parameters":[],"start":1713999004460,"stop":1713999004460},{"name":"Navigate to url \"https://demo.nopcommerce.com/\".","status":"passed","stage":"finished","steps":[],"attachments":[],"parameters":[],"start":1713999005003,"stop":1713999005003},{"name":"Navigate to url \"https://demo.nopcommerce.com/\".","status":"passed","stage":"finished","steps":[],"attachments":[],"parameters":[],"start":1713999005575,"stop":1713999005575},{"name":"Navigate to url \"https://demo.nopcommerce.com/\".","status":"passed","stage":"finished","steps":[],"attachments":[],"parameters":[],"start":1713999006108,"stop":1713999006108},{"name":"Navigate to url \"https://demo.nopcommerce.com/\".","status":"passed","stage":"finished","steps":[],"attachments":[],"parameters":[],"start":1713999006542,"stop":1713999006542},{"name":"Navigate to url \"https://demo.nopcommerce.com/\".","status":"passed","stage":"finished","steps":[],"attachments":[],"parameters":[],"start":1713999007494,"stop":1713999007494},{"name":"Failed to capture screenshot Root cause: \"java.nio.channels.ClosedChannelException: \"","status":"passed","statusDetails":{"known":false,"muted":false,"flaky":false,"trace":"org.openqa.selenium.remote.UnreachableBrowserException: Error communicating with the remote browser. It may have died.\nBuild info: version: '4.16.1', revision: '9b4c83354e'\nSystem info: os.name: 'Windows 11', os.arch: 'amd64', os.version: '10.0', java.version: '19.0.2'\nDriver info: org.openqa.selenium.chrome.ChromeDriver\nCommand: [8443260a32a6aee982acdf90375dfd81, screenshot []]\nCapabilities {acceptInsecureCerts: true, browserName: chrome, browserVersion: 124.0.6367.61, chrome: {chromedriverVersion: 124.0.6367.78 (a087f2dd364d..., userDataDir: C:\\Users\\Express\\AppData\\Lo...}, fedcm:accounts: true, goog:chromeOptions: {debuggerAddress: localhost:64895}, networkConnectionEnabled: false, pageLoadStrategy: none, platformName: windows, proxy: Proxy(), se:cdp: ws://localhost:64895/devtoo..., se:cdpVersion: 124.0.6367.61, setWindowRect: true, strictFileInteractability: false, timeouts: {implicit: 0, pageLoad: 60000, script: 60000}, unhandledPromptBehavior: ignore, webSocketUrl: ws://localhost:35784/sessio..., webauthn:extension:credBlob: true, webauthn:extension:largeBlob: true, webauthn:extension:minPinLength: true, webauthn:extension:prf: true, webauthn:virtualAuthenticators: true}\nSession ID: 8443260a32a6aee982acdf90375dfd81\r\n org.openqa.selenium.remote.RemoteWebDriver.execute(RemoteWebDriver.java:550)\r\n org.openqa.selenium.remote.RemoteWebDriver.execute(RemoteWebDriver.java:596)\r\n org.openqa.selenium.remote.RemoteWebDriver.execute(RemoteWebDriver.java:600)\r\n org.openqa.selenium.remote.RemoteWebDriver.getScreenshotAs(RemoteWebDriver.java:326)\r\n com.shaft.gui.internal.image.ScreenshotManager.takeViewportScreenshot(ScreenshotManager.java:222)\r\n com.shaft.gui.internal.image.ScreenshotManager.takeFullPageScreenshot(ScreenshotManager.java:255)\r\n com.shaft.gui.internal.image.ScreenshotManager.takeScreenshot(ScreenshotManager.java:407)\r\n com.shaft.gui.internal.image.ScreenshotManager.internalCaptureScreenShot(ScreenshotManager.java:353)\r\n com.shaft.gui.internal.image.ScreenshotManager.captureScreenShot(ScreenshotManager.java:109)\r\n com.shaft.gui.browser.internal.BrowserActionsHelper.reportActionResult(BrowserActionsHelper.java:104)\r\n com.shaft.gui.browser.internal.BrowserActionsHelper.failAction(BrowserActionsHelper.java:64)\r\n com.shaft.gui.browser.internal.BrowserActionsHelper.failAction(BrowserActionsHelper.java:59)\r\n com.shaft.gui.browser.BrowserActions.navigateToURL(BrowserActions.java:356)\r\n com.shaft.gui.browser.BrowserActions.navigateToURL(BrowserActions.java:267)\r\n automationexercise.pages.LoginPage.urlNavigate(LoginPage.java:15)\r\n automationexercise.pages.LoginPage.urlNavigate(LoginPage.java:16)\r\n automationexercise.pages.LoginPage.urlNavigate(LoginPage.java:16)\r\n automationexercise.pages.LoginPage.urlNavigate(LoginPage.java:16)\r\n automationexercise.pages.LoginPage.urlNavigate(LoginPage.java:16)\r\n automationexercise.pages.LoginPage.urlNavigate(LoginPage.java:16)\r\n automationexercise.pages.LoginPage.urlNavigate(LoginPage.java:16)\r\n automationexercise.tests.LoginTest.validateInValidLogin(LoginTest.java:23)\r\n java.base/jdk.internal.reflect.DirectMethodHandleAccessor.invoke(DirectMethodHandleAccessor.java:104)\r\n java.base/java.lang.reflect.Method.invoke(Method.java:578)\r\n org.testng.internal.invokers.MethodInvocationHelper.invokeMethod(MethodInvocationHelper.java:139)\r\n org.testng.internal.invokers.TestInvoker.invokeMethod(TestInvoker.java:664)\r\n org.testng.internal.invokers.TestInvoker.invokeTestMethod(TestInvoker.java:227)\r\n org.testng.internal.invokers.MethodRunner.runInSequence(MethodRunner.java:50)\r\n org.testng.internal.invokers.TestInvoker$MethodInvocationAgent.invoke(TestInvoker.java:957)\r\n org.testng.internal.invokers.TestInvoker.invokeTestMethods(TestInvoker.java:200)\r\n org.testng.internal.invokers.TestMethodWorker.invokeTestMethods(TestMethodWorker.java:148)\r\n org.testng.internal.invokers.TestMethodWorker.run(TestMethodWorker.java:128)\r\n java.base/java.util.ArrayList.forEach(ArrayList.java:1511)\r\n org.testng.TestRunner.privateRun(TestRunner.java:848)\r\n org.testng.TestRunner.run(TestRunner.java:621)\r\n org.testng.SuiteRunner.runTest(SuiteRunner.java:443)\r\n org.testng.SuiteRunner.runSequentially(SuiteRunner.java:437)\r\n org.testng.SuiteRunner.privateRun(SuiteRunner.java:397)\r\n org.testng.SuiteRunner.run(SuiteRunner.java:336)\r\n org.testng.SuiteRunnerWorker.runSuite(SuiteRunnerWorker.java:52)\r\n org.testng.SuiteRunnerWorker.run(SuiteRunnerWorker.java:95)\r\n org.testng.TestNG.runSuitesSequentially(TestNG.java:1280)\r\n org.testng.TestNG.runSuitesLocally(TestNG.java:1200)\r\n org.testng.TestNG.runSuites(TestNG.java:1114)\r\n org.testng.TestNG.run(TestNG.java:1082)\r\n com.intellij.rt.testng.IDEARemoteTestNG.run(IDEARemoteTestNG.java:65)\r\n com.intellij.rt.testng.RemoteTestNGStarter.main(RemoteTestNGStarter.java:105)\r\n\r\nCaused by: java.io.UncheckedIOException: java.net.ConnectException\r\n org.openqa.selenium.remote.http.jdk.JdkHttpClient.execute0(JdkHttpClient.java:442)\r\n org.openqa.selenium.remote.http.AddSeleniumUserAgent.lambda$apply$0(AddSeleniumUserAgent.java:42)\r\n org.openqa.selenium.remote.http.Filter.lambda$andFinally$1(Filter.java:55)\r\n org.openqa.selenium.remote.http.jdk.JdkHttpClient.execute(JdkHttpClient.java:358)\r\n org.openqa.selenium.remote.HttpCommandExecutor.execute(HttpCommandExecutor.java:188)\r\n org.openqa.selenium.remote.service.DriverCommandExecutor.invokeExecute(DriverCommandExecutor.java:200)\r\n org.openqa.selenium.remote.service.DriverCommandExecutor.execute(DriverCommandExecutor.java:175)\r\n org.openqa.selenium.remote.RemoteWebDriver.execute(RemoteWebDriver.java:523)\r\n org.openqa.selenium.remote.RemoteWebDriver.execute(RemoteWebDriver.java:596)\r\n org.openqa.selenium.remote.RemoteWebDriver.execute(RemoteWebDriver.java:600)\r\n org.openqa.selenium.remote.RemoteWebDriver.getScreenshotAs(RemoteWebDriver.java:326)\r\n com.shaft.gui.internal.image.ScreenshotManager.takeViewportScreenshot(ScreenshotManager.java:222)\r\n com.shaft.gui.internal.image.ScreenshotManager.takeFullPageScreenshot(ScreenshotManager.java:255)\r\n com.shaft.gui.internal.image.ScreenshotManager.takeScreenshot(ScreenshotManager.java:407)\r\n com.shaft.gui.internal.image.ScreenshotManager.internalCaptureScreenShot(ScreenshotManager.java:353)\r\n com.shaft.gui.internal.image.ScreenshotManager.captureScreenShot(ScreenshotManager.java:109)\r\n com.shaft.gui.browser.internal.BrowserActionsHelper.reportActionResult(BrowserActionsHelper.java:104)\r\n com.shaft.gui.browser.internal.BrowserActionsHelper.failAction(BrowserActionsHelper.java:64)\r\n com.shaft.gui.browser.internal.BrowserActionsHelper.failAction(BrowserActionsHelper.java:59)\r\n com.shaft.gui.browser.BrowserActions.navigateToURL(BrowserActions.java:356)\r\n com.shaft.gui.browser.BrowserActions.navigateToURL(BrowserActions.java:267)\r\n automationexercise.pages.LoginPage.urlNavigate(LoginPage.java:15)\r\n automationexercise.pages.LoginPage.urlNavigate(LoginPage.java:16)\r\n automationexercise.pages.LoginPage.urlNavigate(LoginPage.java:16)\r\n automationexercise.pages.LoginPage.urlNavigate(LoginPage.java:16)\r\n automationexercise.pages.LoginPage.urlNavigate(LoginPage.java:16)\r\n automationexercise.pages.LoginPage.urlNavigate(LoginPage.java:16)\r\n automationexercise.pages.LoginPage.urlNavigate(LoginPage.java:16)\r\n automationexercise.tests.LoginTest.validateInValidLogin(LoginTest.java:23)\r\n java.base/jdk.internal.reflect.DirectMethodHandleAccessor.invoke(DirectMethodHandleAccessor.java:104)\r\n java.base/java.lang.reflect.Method.invoke(Method.java:578)\r\n org.testng.internal.invokers.MethodInvocationHelper.invokeMethod(MethodInvocationHelper.java:139)\r\n org.testng.internal.invokers.TestInvoker.invokeMethod(TestInvoker.java:664)\r\n org.testng.internal.invokers.TestInvoker.invokeTestMethod(TestInvoker.java:227)\r\n org.testng.internal.invokers.MethodRunner.runInSequence(MethodRunner.java:50)\r\n org.testng.internal.invokers.TestInvoker$MethodInvocationAgent.invoke(TestInvoker.java:957)\r\n org.testng.internal.invokers.TestInvoker.invokeTestMethods(TestInvoker.java:200)\r\n org.testng.internal.invokers.TestMethodWorker.invokeTestMethods(TestMethodWorker.java:148)\r\n org.testng.internal.invokers.TestMethodWorker.run(TestMethodWorker.java:128)\r\n java.base/java.util.ArrayList.forEach(ArrayList.java:1511)\r\n org.testng.TestRunner.privateRun(TestRunner.java:848)\r\n org.testng.TestRunner.run(TestRunner.java:621)\r\n org.testng.SuiteRunner.runTest(SuiteRunner.java:443)\r\n org.testng.SuiteRunner.runSequentially(SuiteRunner.java:437)\r\n org.testng.SuiteRunner.privateRun(SuiteRunner.java:397)\r\n org.testng.SuiteRunner.run(SuiteRunner.java:336)\r\n org.testng.SuiteRunnerWorker.runSuite(SuiteRunnerWorker.java:52)\r\n org.testng.SuiteRunnerWorker.run(SuiteRunnerWorker.java:95)\r\n org.testng.TestNG.runSuitesSequentially(TestNG.java:1280)\r\n org.testng.TestNG.runSuitesLocally(TestNG.java:1200)\r\n org.testng.TestNG.runSuites(TestNG.java:1114)\r\n org.testng.TestNG.run(TestNG.java:1082)\r\n com.intellij.rt.testng.IDEARemoteTestNG.run(IDEARemoteTestNG.java:65)\r\n com.intellij.rt.testng.RemoteTestNGStarter.main(RemoteTestNGStarter.java:105)\r\n\r\nCaused by: java.net.ConnectException: null\r\n java.net.http/jdk.internal.net.http.common.Utils.toConnectException(Utils.java:1045)\r\n java.net.http/jdk.internal.net.http.PlainHttpConnection.connectAsync(PlainHttpConnection.java:224)\r\n java.net.http/jdk.internal.net.http.PlainHttpConnection.checkRetryConnect(PlainHttpConnection.java:259)\r\n java.net.http/jdk.internal.net.http.PlainHttpConnection.lambda$connectAsync$2(PlainHttpConnection.java:235)\r\n java.base/java.util.concurrent.CompletableFuture.uniHandle(CompletableFuture.java:934)\r\n java.base/java.util.concurrent.CompletableFuture$UniHandle.tryFire(CompletableFuture.java:911)\r\n java.base/java.util.concurrent.CompletableFuture.postComplete(CompletableFuture.java:510)\r\n java.base/java.util.concurrent.CompletableFuture$AsyncSupply.run(CompletableFuture.java:1773)\r\n java.base/java.util.concurrent.ThreadPoolExecutor.runWorker(ThreadPoolExecutor.java:1144)\r\n java.base/java.util.concurrent.ThreadPoolExecutor$Worker.run(ThreadPoolExecutor.java:642)\r\n java.base/java.lang.Thread.run(Thread.java:1589)\r\n\r\nCaused by: java.nio.channels.ClosedChannelException: null\r\n java.base/sun.nio.ch.SocketChannelImpl.ensureOpen(SocketChannelImpl.java:202)\r\n java.base/sun.nio.ch.SocketChannelImpl.beginConnect(SocketChannelImpl.java:786)\r\n java.base/sun.nio.ch.SocketChannelImpl.connect(SocketChannelImpl.java:874)\r\n java.net.http/jdk.internal.net.http.PlainHttpConnection.lambda$connectAsync$1(PlainHttpConnection.java:208)\r\n java.base/java.security.AccessController.doPrivileged(AccessController.java:569)\r\n java.net.http/jdk.internal.net.http.PlainHttpConnection.connectAsync(PlainHttpConnection.java:210)\r\n java.net.http/jdk.internal.net.http.PlainHttpConnection.checkRetryConnect(PlainHttpConnection.java:259)\r\n java.net.http/jdk.internal.net.http.PlainHttpConnection.lambda$connectAsync$2(PlainHttpConnection.java:235)\r\n java.base/java.util.concurrent.CompletableFuture.uniHandle(CompletableFuture.java:934)\r\n java.base/java.util.concurrent.CompletableFuture$UniHandle.tryFire(CompletableFuture.java:911)\r\n java.base/java.util.concurrent.CompletableFuture.postComplete(CompletableFuture.java:510)\r\n java.base/java.util.concurrent.CompletableFuture$AsyncSupply.run(CompletableFuture.java:1773)\r\n java.base/java.util.concurrent.ThreadPoolExecutor.runWorker(ThreadPoolExecutor.java:1144)\r\n java.base/java.util.concurrent.ThreadPoolExecutor$Worker.run(ThreadPoolExecutor.java:642)\r\n java.base/java.lang.Thread.run(Thread.java:1589)"},"stage":"finished","steps":[],"attachments":[{"name":"Screenshot manager - Get  stack  trace - Exception Stacktrace","source":"a5baf848-3ee3-4bdb-9e51-7886b0916b1b-attachment.png","type":"image/png"}],"parameters":[{"name":"logText","value":"Failed to capture screenshot Root cause: \"java.nio.channels.ClosedChannelException: \""},{"name":"attachments","value":"[[Screenshot manager - Get  stack  trace, Exception Stacktrace, org.openqa.selenium.remote.UnreachableBrowserException: Error communicating with the remote browser. It may have died.\nBuild info: version: '4.16.1', revision: '9b4c83354e'\nSystem info: os.name: 'Windows 11', os.arch: 'amd64', os.version: '10.0', java.version: '19.0.2'\nDriver info: org.openqa.selenium.chrome.ChromeDriver\nCommand: [8443260a32a6aee982acdf90375dfd81, screenshot []]\nCapabilities {acceptInsecureCerts: true, browserName: chrome, browserVersion: 124.0.6367.61, chrome: {chromedriverVersion: 124.0.6367.78 (a087f2dd364d..., userDataDir: C:\\Users\\Express\\AppData\\Lo...}, fedcm:accounts: true, goog:chromeOptions: {debuggerAddress: localhost:64895}, networkConnectionEnabled: false, pageLoadStrategy: none, platformName: windows, proxy: Proxy(), se:cdp: ws://localhost:64895/devtoo..., se:cdpVersion: 124.0.6367.61, setWindowRect: true, strictFileInteractability: false, timeouts: {implicit: 0, pageLoad: 60000, script: 60000}, unhandledPromptBehavior: ignore, webSocketUrl: ws://localhost:35784/sessio..., webauthn:extension:credBlob: true, webauthn:extension:largeBlob: true, webauthn:extension:minPinLength: true, webauthn:extension:prf: true, webauthn:virtualAuthenticators: true}\nSession ID: 8443260a32a6aee982acdf90375dfd81\r\n org.openqa.selenium.remote.RemoteWebDriver.execute(RemoteWebDriver.java:550)\r\n org.openqa.selenium.remote.RemoteWebDriver.execute(RemoteWebDriver.java:596)\r\n org.openqa.selenium.remote.RemoteWebDriver.execute(RemoteWebDriver.java:600)\r\n org.openqa.selenium.remote.RemoteWebDriver.getScreenshotAs(RemoteWebDriver.java:326)\r\n com.shaft.gui.internal.image.ScreenshotManager.takeViewportScreenshot(ScreenshotManager.java:222)\r\n com.shaft.gui.internal.image.ScreenshotManager.takeFullPageScreenshot(ScreenshotManager.java:255)\r\n com.shaft.gui.internal.image.ScreenshotManager.takeScreenshot(ScreenshotManager.java:407)\r\n com.shaft.gui.internal.image.ScreenshotManager.internalCaptureScreenShot(ScreenshotManager.java:353)\r\n com.shaft.gui.internal.image.ScreenshotManager.captureScreenShot(ScreenshotManager.java:109)\r\n com.shaft.gui.browser.internal.BrowserActionsHelper.reportActionResult(BrowserActionsHelper.java:104)\r\n com.shaft.gui.browser.internal.BrowserActionsHelper.failAction(BrowserActionsHelper.java:64)\r\n com.shaft.gui.browser.internal.BrowserActionsHelper.failAction(BrowserActionsHelper.java:59)\r\n com.shaft.gui.browser.BrowserActions.navigateToURL(BrowserActions.java:356)\r\n com.shaft.gui.browser.BrowserActions.navigateToURL(BrowserActions.java:267)\r\n automationexercise.pages.LoginPage.urlNavigate(LoginPage.java:15)\r\n automationexercise.pages.LoginPage.urlNavigate(LoginPage.java:16)\r\n automationexercise.pages.LoginPage.urlNavigate(LoginPage.java:16)\r\n automationexercise.pages.LoginPage.urlNavigate(LoginPage.java:16)\r\n automationexercise.pages.LoginPage.urlNavigate(LoginPage.java:16)\r\n automationexercise.pages.LoginPage.urlNavigate(LoginPage.java:16)\r\n automationexercise.pages.LoginPage.urlNavigate(LoginPage.java:16)\r\n automationexercise.tests.LoginTest.validateInValidLogin(LoginTest.java:23)\r\n java.base/jdk.internal.reflect.DirectMethodHandleAccessor.invoke(DirectMethodHandleAccessor.java:104)\r\n java.base/java.lang.reflect.Method.invoke(Method.java:578)\r\n org.testng.internal.invokers.MethodInvocationHelper.invokeMethod(MethodInvocationHelper.java:139)\r\n org.testng.internal.invokers.TestInvoker.invokeMethod(TestInvoker.java:664)\r\n org.testng.internal.invokers.TestInvoker.invokeTestMethod(TestInvoker.java:227)\r\n org.testng.internal.invokers.MethodRunner.runInSequence(MethodRunner.java:50)\r\n org.testng.internal.invokers.TestInvoker$MethodInvocationAgent.invoke(TestInvoker.java:957)\r\n org.testng.internal.invokers.TestInvoker.invokeTestMethods(TestInvoker.java:200)\r\n org.testng.internal.invokers.TestMethodWorker.invokeTestMethods(TestMethodWorker.java:148)\r\n org.testng.internal.invokers.TestMethodWorker.run(TestMethodWorker.java:128)\r\n java.base/java.util.ArrayList.forEach(ArrayList.java:1511)\r\n org.testng.TestRunner.privateRun(TestRunner.java:848)\r\n org.testng.TestRunner.run(TestRunner.java:621)\r\n org.testng.SuiteRunner.runTest(SuiteRunner.java:443)\r\n org.testng.SuiteRunner.runSequentially(SuiteRunner.java:437)\r\n org.testng.SuiteRunner.privateRun(SuiteRunner.java:397)\r\n org.testng.SuiteRunner.run(SuiteRunner.java:336)\r\n org.testng.SuiteRunnerWorker.runSuite(SuiteRunnerWorker.java:52)\r\n org.testng.SuiteRunnerWorker.run(SuiteRunnerWorker.java:95)\r\n org.testng.TestNG.runSuitesSequentially(TestNG.java:1280)\r\n org.testng.TestNG.runSuitesLocally(TestNG.java:1200)\r\n org.testng.TestNG.runSuites(TestNG.java:1114)\r\n org.testng.TestNG.run(TestNG.java:1082)\r\n com.intellij.rt.testng.IDEARemoteTestNG.run(IDEARemoteTestNG.java:65)\r\n com.intellij.rt.testng.RemoteTestNGStarter.main(RemoteTestNGStarter.java:105)\r\n\r\nCaused by: java.io.UncheckedIOException: java.net.ConnectException\r\n org.openqa.selenium.remote.http.jdk.JdkHttpClient.execute0(JdkHttpClient.java:442)\r\n org.openqa.selenium.remote.http.AddSeleniumUserAgent.lambda$apply$0(AddSeleniumUserAgent.java:42)\r\n org.openqa.selenium.remote.http.Filter.lambda$andFinally$1(Filter.java:55)\r\n org.openqa.selenium.remote.http.jdk.JdkHttpClient.execute(JdkHttpClient.java:358)\r\n org.openqa.selenium.remote.HttpCommandExecutor.execute(HttpCommandExecutor.java:188)\r\n org.openqa.selenium.remote.service.DriverCommandExecutor.invokeExecute(DriverCommandExecutor.java:200)\r\n org.openqa.selenium.remote.service.DriverCommandExecutor.execute(DriverCommandExecutor.java:175)\r\n org.openqa.selenium.remote.RemoteWebDriver.execute(RemoteWebDriver.java:523)\r\n org.openqa.selenium.remote.RemoteWebDriver.execute(RemoteWebDriver.java:596)\r\n org.openqa.selenium.remote.RemoteWebDriver.execute(RemoteWebDriver.java:600)\r\n org.openqa.selenium.remote.RemoteWebDriver.getScreenshotAs(RemoteWebDriver.java:326)\r\n com.shaft.gui.internal.image.ScreenshotManager.takeViewportScreenshot(ScreenshotManager.java:222)\r\n com.shaft.gui.internal.image.ScreenshotManager.takeFullPageScreenshot(ScreenshotManager.java:255)\r\n com.shaft.gui.internal.image.ScreenshotManager.takeScreenshot(ScreenshotManager.java:407)\r\n com.shaft.gui.internal.image.ScreenshotManager.internalCaptureScreenShot(ScreenshotManager.java:353)\r\n com.shaft.gui.internal.image.ScreenshotManager.captureScreenShot(ScreenshotManager.java:109)\r\n com.shaft.gui.browser.internal.BrowserActionsHelper.reportActionResult(BrowserActionsHelper.java:104)\r\n com.shaft.gui.browser.internal.BrowserActionsHelper.failAction(BrowserActionsHelper.java:64)\r\n com.shaft.gui.browser.internal.BrowserActionsHelper.failAction(BrowserActionsHelper.java:59)\r\n com.shaft.gui.browser.BrowserActions.navigateToURL(BrowserActions.java:356)\r\n com.shaft.gui.browser.BrowserActions.navigateToURL(BrowserActions.java:267)\r\n automationexercise.pages.LoginPage.urlNavigate(LoginPage.java:15)\r\n automationexercise.pages.LoginPage.urlNavigate(LoginPage.java:16)\r\n automationexercise.pages.LoginPage.urlNavigate(LoginPage.java:16)\r\n automationexercise.pages.LoginPage.urlNavigate(LoginPage.java:16)\r\n automationexercise.pages.LoginPage.urlNavigate(LoginPage.java:16)\r\n automationexercise.pages.LoginPage.urlNavigate(LoginPage.java:16)\r\n automationexercise.pages.LoginPage.urlNavigate(LoginPage.java:16)\r\n automationexercise.tests.LoginTest.validateInValidLogin(LoginTest.java:23)\r\n java.base/jdk.internal.reflect.DirectMethodHandleAccessor.invoke(DirectMethodHandleAccessor.java:104)\r\n java.base/java.lang.reflect.Method.invoke(Method.java:578)\r\n org.testng.internal.invokers.MethodInvocationHelper.invokeMethod(MethodInvocationHelper.java:139)\r\n org.testng.internal.invokers.TestInvoker.invokeMethod(TestInvoker.java:664)\r\n org.testng.internal.invokers.TestInvoker.invokeTestMethod(TestInvoker.java:227)\r\n org.testng.internal.invokers.MethodRunner.runInSequence(MethodRunner.java:50)\r\n org.testng.internal.invokers.TestInvoker$MethodInvocationAgent.invoke(TestInvoker.java:957)\r\n org.testng.internal.invokers.TestInvoker.invokeTestMethods(TestInvoker.java:200)\r\n org.testng.internal.invokers.TestMethodWorker.invokeTestMethods(TestMethodWorker.java:148)\r\n org.testng.internal.invokers.TestMethodWorker.run(TestMethodWorker.java:128)\r\n java.base/java.util.ArrayList.forEach(ArrayList.java:1511)\r\n org.testng.TestRunner.privateRun(TestRunner.java:848)\r\n org.testng.TestRunner.run(TestRunner.java:621)\r\n org.testng.SuiteRunner.runTest(SuiteRunner.java:443)\r\n org.testng.SuiteRunner.runSequentially(SuiteRunner.java:437)\r\n org.testng.SuiteRunner.privateRun(SuiteRunner.java:397)\r\n org.testng.SuiteRunner.run(SuiteRunner.java:336)\r\n org.testng.SuiteRunnerWorker.runSuite(SuiteRunnerWorker.java:52)\r\n org.testng.SuiteRunnerWorker.run(SuiteRunnerWorker.java:95)\r\n org.testng.TestNG.runSuitesSequentially(TestNG.java:1280)\r\n org.testng.TestNG.runSuitesLocally(TestNG.java:1200)\r\n org.testng.TestNG.runSuites(TestNG.java:1114)\r\n org.testng.TestNG.run(TestNG.java:1082)\r\n com.intellij.rt.testng.IDEARemoteTestNG.run(IDEARemoteTestNG.java:65)\r\n com.intellij.rt.testng.RemoteTestNGStarter.main(RemoteTestNGStarter.java:105)\r\n\r\nCaused by: java.net.ConnectException: null\r\n java.net.http/jdk.internal.net.http.common.Utils.toConnectException(Utils.java:1045)\r\n java.net.http/jdk.internal.net.http.PlainHttpConnection.connectAsync(PlainHttpConnection.java:224)\r\n java.net.http/jdk.internal.net.http.PlainHttpConnection.checkRetryConnect(PlainHttpConnection.java:259)\r\n java.net.http/jdk.internal.net.http.PlainHttpConnection.lambda$connectAsync$2(PlainHttpConnection.java:235)\r\n java.base/java.util.concurrent.CompletableFuture.uniHandle(CompletableFuture.java:934)\r\n java.base/java.util.concurrent.CompletableFuture$UniHandle.tryFire(CompletableFuture.java:911)\r\n java.base/java.util.concurrent.CompletableFuture.postComplete(CompletableFuture.java:510)\r\n java.base/java.util.concurrent.CompletableFuture$AsyncSupply.run(CompletableFuture.java:1773)\r\n java.base/java.util.concurrent.ThreadPoolExecutor.runWorker(ThreadPoolExecutor.java:1144)\r\n java.base/java.util.concurrent.ThreadPoolExecutor$Worker.run(ThreadPoolExecutor.java:642)\r\n java.base/java.lang.Thread.run(Thread.java:1589)\r\n\r\nCaused by: java.nio.channels.ClosedChannelException: null\r\n java.base/sun.nio.ch.SocketChannelImpl.ensureOpen(SocketChannelImpl.java:202)\r\n java.base/sun.nio.ch.SocketChannelImpl.beginConnect(SocketChannelImpl.java:786)\r\n java.base/sun.nio.ch.SocketChannelImpl.connect(SocketChannelImpl.java:874)\r\n java.net.http/jdk.internal.net.http.PlainHttpConnection.lambda$connectAsync$1(PlainHttpConnection.java:208)\r\n java.base/java.security.AccessController.doPrivileged(AccessController.java:569)\r\n java.net.http/jdk.internal.net.http.PlainHttpConnection.connectAsync(PlainHttpConnection.java:210)\r\n java.net.http/jdk.internal.net.http.PlainHttpConnection.checkRetryConnect(PlainHttpConnection.java:259)\r\n java.net.http/jdk.internal.net.http.PlainHttpConnection.lambda$connectAsync$2(PlainHttpConnection.java:235)\r\n java.base/java.util.concurrent.CompletableFuture.uniHandle(CompletableFuture.java:934)\r\n java.base/java.util.concurrent.CompletableFuture$UniHandle.tryFire(CompletableFuture.java:911)\r\n java.base/java.util.concurrent.CompletableFuture.postComplete(CompletableFuture.java:510)\r\n java.base/java.util.concurrent.CompletableFuture$AsyncSupply.run(CompletableFuture.java:1773)\r\n java.base/java.util.concurrent.ThreadPoolExecutor.runWorker(ThreadPoolExecutor.java:1144)\r\n java.base/java.util.concurrent.ThreadPoolExecutor$Worker.run(ThreadPoolExecutor.java:642)\r\n java.base/java.lang.Thread.run(Thread.java:1589)\r\n]]"},{"name":"status","value":"FAIL"}],"start":1713999009500,"stop":1713999009515}],"attachments":[{"name":"SHAFT Engine Logs - Current Method log: brforeMethod","source":"15373240-a51e-485f-a235-a76030e307c1-attachment.txt","type":"text/plain"},{"name":"SHAFT Engine Logs - Current Method log: validateInValidLogin","source":"e7ed1030-5aed-42aa-bac3-4914fa37fd52-attachment.txt","type":"text/plain"}],"parameters":[],"start":1713999002268,"stop":1713999009546}