java.lang.AssertionError: Verification "ValidateBrowserAttribute" FAILED. Expected "Value Should be 'https://demo.nopcommerce.com/' for the 'currenturl' attribute" and Actual "https://demo.nopcommerce.com/login?returnurl=%2F". Comparison Type "EQUALS". Validation Type "POSITIVE".
 com.shaft.validation.internal.ValidationsHelper.reportValidationState(ValidationsHelper.java:632)
 com.shaft.validation.internal.ValidationsHelper.fail(ValidationsHelper.java:395)
 com.shaft.validation.internal.ValidationsHelper.reportValidationResultOfBrowserAttribute(ValidationsHelper.java:533)
 com.shaft.validation.internal.ValidationsHelper.validateBrowserAttribute(ValidationsHelper.java:248)
 com.shaft.validation.internal.ValidationsExecutor.performValidation(ValidationsExecutor.java:172)
 com.shaft.validation.internal.ValidationsExecutor.perform(ValidationsExecutor.java:149)
 automationexercise.pages.loginPage.validateValidLogin(loginPage.java:19)
 automationexercise.tests.loginTest.validateValidLogin(loginTest.java:19)
 java.base/jdk.internal.reflect.DirectMethodHandleAccessor.invoke(DirectMethodHandleAccessor.java:104)
 java.base/java.lang.reflect.Method.invoke(Method.java:578)
 org.testng.internal.invokers.MethodInvocationHelper.invokeMethod(MethodInvocationHelper.java:139)
 org.testng.internal.invokers.TestInvoker.invokeMethod(TestInvoker.java:664)
 org.testng.internal.invokers.TestInvoker.invokeTestMethod(TestInvoker.java:227)
 org.testng.internal.invokers.MethodRunner.runInSequence(MethodRunner.java:50)
 org.testng.internal.invokers.TestInvoker$MethodInvocationAgent.invoke(TestInvoker.java:957)
 org.testng.internal.invokers.TestInvoker.invokeTestMethods(TestInvoker.java:200)
 org.testng.internal.invokers.TestMethodWorker.invokeTestMethods(TestMethodWorker.java:148)
 org.testng.internal.invokers.TestMethodWorker.run(TestMethodWorker.java:128)
 java.base/java.util.ArrayList.forEach(ArrayList.java:1511)
 org.testng.TestRunner.privateRun(TestRunner.java:848)
 org.testng.TestRunner.run(TestRunner.java:621)
 org.testng.SuiteRunner.runTest(SuiteRunner.java:443)
 org.testng.SuiteRunner.runSequentially(SuiteRunner.java:437)
 org.testng.SuiteRunner.privateRun(SuiteRunner.java:397)
 org.testng.SuiteRunner.run(SuiteRunner.java:336)
 org.testng.SuiteRunnerWorker.runSuite(SuiteRunnerWorker.java:52)
 org.testng.SuiteRunnerWorker.run(SuiteRunnerWorker.java:95)
 org.testng.TestNG.runSuitesSequentially(TestNG.java:1280)
 org.testng.TestNG.runSuitesLocally(TestNG.java:1200)
 org.testng.TestNG.runSuites(TestNG.java:1114)
 org.testng.TestNG.run(TestNG.java:1082)
 com.intellij.rt.testng.IDEARemoteTestNG.run(IDEARemoteTestNG.java:65)
 com.intellij.rt.testng.RemoteTestNGStarter.main(RemoteTestNGStarter.java:105)
