{"uuid":"b8603401-0fbd-489d-acdf-c9aa93732149","historyId":"21e8f76de15bc19f1d31209fa413d36b","fullName":"automationexercise.tests.loginTest.validateValidLogin","labels":[{"name":"package","value":"automationexercise.tests.loginTest"},{"name":"testClass","value":"automationexercise.tests.loginTest"},{"name":"testMethod","value":"validateValidLogin"},{"name":"parentSuite","value":"Default Suite"},{"name":"suite","value":"Nopcommerce-automation-using-SHAFT-engine"},{"name":"subSuite","value":"automationexercise.tests.loginTest"},{"name":"host","value":"DESKTOP-S1D0J5A"},{"name":"thread","value":"23780@DESKTOP-S1D0J5A.main(1)"},{"name":"framework","value":"testng"},{"name":"language","value":"java"},{"name":"story","value":"Login"},{"name":"epic","value":"User Managment"}],"links":[],"name":"Validate that the user can  login Succesfully","status":"failed","statusDetails":{"known":false,"muted":false,"flaky":false,"message":"Verification \"ValidateBrowserAttribute\" FAILED. Expected \"Value Should be 'https://demo.nopcommerce.com/' for the 'currenturl' attribute\" and Actual \"https://demo.nopcommerce.com/login?returnurl=%2F\". Comparison Type \"EQUALS\". Validation Type \"POSITIVE\".\nAND Verification \"ValidateElementAttribute\" FAILED. Expected \"Value Should be 'null' for the 'hidden' attribute, element locator 'By.className: ico-account'\" and Actual \"Failed to read the desired element attribute\". Comparison Type \"EQUALS\". Validation Type \"POSITIVE\".","trace":"java.lang.AssertionError: Verification \"ValidateBrowserAttribute\" FAILED. Expected \"Value Should be 'https://demo.nopcommerce.com/' for the 'currenturl' attribute\" and Actual \"https://demo.nopcommerce.com/login?returnurl=%2F\". Comparison Type \"EQUALS\". Validation Type \"POSITIVE\".\nAND Verification \"ValidateElementAttribute\" FAILED. Expected \"Value Should be 'null' for the 'hidden' attribute, element locator 'By.className: ico-account'\" and Actual \"Failed to read the desired element attribute\". Comparison Type \"EQUALS\". Validation Type \"POSITIVE\".\r\n\tat com.shaft.validation.internal.ValidationsHelper.reportValidationState(ValidationsHelper.java:658)\r\n\tat com.shaft.validation.internal.ValidationsHelper.fail(ValidationsHelper.java:395)\r\n\tat com.shaft.validation.internal.ValidationsHelper.validateElementAttribute(ValidationsHelper.java:164)\r\n\tat com.shaft.validation.internal.ValidationsExecutor.performValidation(ValidationsExecutor.java:167)\r\n\tat com.shaft.validation.internal.ValidationsExecutor.perform(ValidationsExecutor.java:149)\r\n\tat automationexercise.pages.loginPage.validateValidLogin(loginPage.java:20)\r\n\tat automationexercise.tests.loginTest.validateValidLogin(loginTest.java:19)\r\n\tat java.base/jdk.internal.reflect.DirectMethodHandleAccessor.invoke(DirectMethodHandleAccessor.java:104)\r\n\tat java.base/java.lang.reflect.Method.invoke(Method.java:578)\r\n\tat org.testng.internal.invokers.MethodInvocationHelper.invokeMethod(MethodInvocationHelper.java:139)\r\n\tat org.testng.internal.invokers.TestInvoker.invokeMethod(TestInvoker.java:664)\r\n\tat org.testng.internal.invokers.TestInvoker.invokeTestMethod(TestInvoker.java:227)\r\n\tat org.testng.internal.invokers.MethodRunner.runInSequence(MethodRunner.java:50)\r\n\tat org.testng.internal.invokers.TestInvoker$MethodInvocationAgent.invoke(TestInvoker.java:957)\r\n\tat org.testng.internal.invokers.TestInvoker.invokeTestMethods(TestInvoker.java:200)\r\n\tat org.testng.internal.invokers.TestMethodWorker.invokeTestMethods(TestMethodWorker.java:148)\r\n\tat org.testng.internal.invokers.TestMethodWorker.run(TestMethodWorker.java:128)\r\n\tat java.base/java.util.ArrayList.forEach(ArrayList.java:1511)\r\n\tat org.testng.TestRunner.privateRun(TestRunner.java:848)\r\n\tat org.testng.TestRunner.run(TestRunner.java:621)\r\n\tat org.testng.SuiteRunner.runTest(SuiteRunner.java:443)\r\n\tat org.testng.SuiteRunner.runSequentially(SuiteRunner.java:437)\r\n\tat org.testng.SuiteRunner.privateRun(SuiteRunner.java:397)\r\n\tat org.testng.SuiteRunner.run(SuiteRunner.java:336)\r\n\tat org.testng.SuiteRunnerWorker.runSuite(SuiteRunnerWorker.java:52)\r\n\tat org.testng.SuiteRunnerWorker.run(SuiteRunnerWorker.java:95)\r\n\tat org.testng.TestNG.runSuitesSequentially(TestNG.java:1280)\r\n\tat org.testng.TestNG.runSuitesLocally(TestNG.java:1200)\r\n\tat org.testng.TestNG.runSuites(TestNG.java:1114)\r\n\tat org.testng.TestNG.run(TestNG.java:1082)\r\n\tat com.intellij.rt.testng.IDEARemoteTestNG.run(IDEARemoteTestNG.java:65)\r\n\tat com.intellij.rt.testng.RemoteTestNGStarter.main(RemoteTestNGStarter.java:105)\r\n"},"stage":"finished","steps":[{"name":"Navigate to url \"https://demo.nopcommerce.com/\".","status":"passed","stage":"finished","steps":[],"attachments":[],"parameters":[],"start":1713984359757,"stop":1713984359757},{"name":"Click \"Log in\".","status":"passed","stage":"finished","steps":[],"attachments":[],"parameters":[],"start":1713984360033,"stop":1713984360033},{"name":"Type \"true@gmail.com\" into \"Email:\".","status":"passed","stage":"finished","steps":[],"attachments":[],"parameters":[],"start":1713984361080,"stop":1713984361080},{"name":"Type \"P@ssw0rd\" into \"Password:\".","status":"passed","stage":"finished","steps":[],"attachments":[],"parameters":[],"start":1713984361182,"stop":1713984361182},{"name":"Click \"LOG IN\".","status":"passed","stage":"finished","steps":[],"attachments":[],"parameters":[],"start":1713984361366,"stop":1713984361366},{"name":"Validate that the user logged in Succesfully ","status":"passed","stage":"finished","steps":[{"name":" Verify that browser attribute equals","status":"passed","stage":"finished","steps":[{"name":"Get current url \"https://demo.nopcommerce.com/login?returnurl=%2F\".","status":"passed","stage":"finished","steps":[],"attachments":[],"parameters":[],"start":1713984361701,"stop":1713984361701},{"name":"Verification Failed: The Browser URL is equal to \"https://demo.nopcommerce.com/\".","status":"passed","stage":"finished","steps":[],"attachments":[{"name":"Screenshot - 1713984361858_validateValidLogin_ValidateBrowserAttribute_failed","source":"a0cfff43-f746-4043-9e35-dcbf50f6a8f1-attachment.png","type":"image/png"},{"name":"Validation Test Data - Failure Reason","source":"9152aea6-8376-4345-9e68-e628e3b4cfb7-attachment"}],"parameters":[{"name":"customLog","value":"Verification Failed: The Browser URL is equal to \"https://demo.nopcommerce.com/\"."},{"name":"attachments","value":"[[Screenshot, 1713984361858_validateValidLogin_ValidateBrowserAttribute_failed, java.io.ByteArrayInputStream@ff5aa42], [Validation Test Data, Failure Reason, java.lang.AssertionError: Verification \"ValidateBrowserAttribute\" FAILED. Expected \"Value Should be 'https://demo.nopcommerce.com/' for the 'currenturl' attribute\" and Actual \"https://demo.nopcommerce.com/login?returnurl=%2F\". Comparison Type \"EQUALS\". Validation Type \"POSITIVE\".\r\n com.shaft.validation.internal.ValidationsHelper.reportValidationState(ValidationsHelper.java:632)\r\n com.shaft.validation.internal.ValidationsHelper.fail(ValidationsHelper.java:395)\r\n com.shaft.validation.internal.ValidationsHelper.reportValidationResultOfBrowserAttribute(ValidationsHelper.java:533)\r\n com.shaft.validation.internal.ValidationsHelper.validateBrowserAttribute(ValidationsHelper.java:248)\r\n com.shaft.validation.internal.ValidationsExecutor.performValidation(ValidationsExecutor.java:172)\r\n com.shaft.validation.internal.ValidationsExecutor.perform(ValidationsExecutor.java:149)\r\n automationexercise.pages.loginPage.validateValidLogin(loginPage.java:19)\r\n automationexercise.tests.loginTest.validateValidLogin(loginTest.java:19)\r\n java.base/jdk.internal.reflect.DirectMethodHandleAccessor.invoke(DirectMethodHandleAccessor.java:104)\r\n java.base/java.lang.reflect.Method.invoke(Method.java:578)\r\n org.testng.internal.invokers.MethodInvocationHelper.invokeMethod(MethodInvocationHelper.java:139)\r\n org.testng.internal.invokers.TestInvoker.invokeMethod(TestInvoker.java:664)\r\n org.testng.internal.invokers.TestInvoker.invokeTestMethod(TestInvoker.java:227)\r\n org.testng.internal.invokers.MethodRunner.runInSequence(MethodRunner.java:50)\r\n org.testng.internal.invokers.TestInvoker$MethodInvocationAgent.invoke(TestInvoker.java:957)\r\n org.testng.internal.invokers.TestInvoker.invokeTestMethods(TestInvoker.java:200)\r\n org.testng.internal.invokers.TestMethodWorker.invokeTestMethods(TestMethodWorker.java:148)\r\n org.testng.internal.invokers.TestMethodWorker.run(TestMethodWorker.java:128)\r\n java.base/java.util.ArrayList.forEach(ArrayList.java:1511)\r\n org.testng.TestRunner.privateRun(TestRunner.java:848)\r\n org.testng.TestRunner.run(TestRunner.java:621)\r\n org.testng.SuiteRunner.runTest(SuiteRunner.java:443)\r\n org.testng.SuiteRunner.runSequentially(SuiteRunner.java:437)\r\n org.testng.SuiteRunner.privateRun(SuiteRunner.java:397)\r\n org.testng.SuiteRunner.run(SuiteRunner.java:336)\r\n org.testng.SuiteRunnerWorker.runSuite(SuiteRunnerWorker.java:52)\r\n org.testng.SuiteRunnerWorker.run(SuiteRunnerWorker.java:95)\r\n org.testng.TestNG.runSuitesSequentially(TestNG.java:1280)\r\n org.testng.TestNG.runSuitesLocally(TestNG.java:1200)\r\n org.testng.TestNG.runSuites(TestNG.java:1114)\r\n org.testng.TestNG.run(TestNG.java:1082)\r\n com.intellij.rt.testng.IDEARemoteTestNG.run(IDEARemoteTestNG.java:65)\r\n com.intellij.rt.testng.RemoteTestNGStarter.main(RemoteTestNGStarter.java:105)\r\n]]"}],"start":1713984362059,"stop":1713984362067}],"attachments":[],"parameters":[],"start":1713984361686,"stop":1713984362067},{"name":" Verify that element attribute equals","status":"passed","stage":"finished","steps":[{"name":"Verification Failed: The Element located by \"By.className: ico-account\" is visible, hidden attribute is equal to \"null\".","status":"passed","stage":"finished","steps":[],"attachments":[{"name":"Screenshot - 1713984422319_validateValidLogin_ValidateElementAttribute_failed","source":"79bc1de3-a3ee-44b2-a2f0-ce32b131ef30-attachment.png","type":"image/png"},{"name":"Validation Test Data - Failure Reason","source":"b8263be9-1e80-4da9-9b05-35b83b79a6c0-attachment"}],"parameters":[{"name":"customLog","value":"Verification Failed: The Element located by \"By.className: ico-account\" is visible, hidden attribute is equal to \"null\"."},{"name":"attachments","value":"[[Screenshot, 1713984422319_validateValidLogin_ValidateElementAttribute_failed, java.io.ByteArrayInputStream@4d002c5c], [Validation Test Data, Failure Reason, java.lang.AssertionError: Failed to Get attribute from \"By.className: ico-account\".\r\n org.testng.Assert.fail(Assert.java:99)\r\n com.shaft.gui.element.internal.ElementActionsHelper.failAction(ElementActionsHelper.java:1130)\r\n com.shaft.gui.element.internal.ElementActionsHelper.failAction(ElementActionsHelper.java:1061)\r\n com.shaft.gui.element.ElementActions.getAttribute(ElementActions.java:470)\r\n com.shaft.validation.internal.ValidationsHelper.validateElementAttribute(ValidationsHelper.java:159)\r\n com.shaft.validation.internal.ValidationsExecutor.performValidation(ValidationsExecutor.java:167)\r\n com.shaft.validation.internal.ValidationsExecutor.perform(ValidationsExecutor.java:149)\r\n automationexercise.pages.loginPage.validateValidLogin(loginPage.java:20)\r\n automationexercise.tests.loginTest.validateValidLogin(loginTest.java:19)\r\n java.base/jdk.internal.reflect.DirectMethodHandleAccessor.invoke(DirectMethodHandleAccessor.java:104)\r\n java.base/java.lang.reflect.Method.invoke(Method.java:578)\r\n org.testng.internal.invokers.MethodInvocationHelper.invokeMethod(MethodInvocationHelper.java:139)\r\n org.testng.internal.invokers.TestInvoker.invokeMethod(TestInvoker.java:664)\r\n org.testng.internal.invokers.TestInvoker.invokeTestMethod(TestInvoker.java:227)\r\n org.testng.internal.invokers.MethodRunner.runInSequence(MethodRunner.java:50)\r\n org.testng.internal.invokers.TestInvoker$MethodInvocationAgent.invoke(TestInvoker.java:957)\r\n org.testng.internal.invokers.TestInvoker.invokeTestMethods(TestInvoker.java:200)\r\n org.testng.internal.invokers.TestMethodWorker.invokeTestMethods(TestMethodWorker.java:148)\r\n org.testng.internal.invokers.TestMethodWorker.run(TestMethodWorker.java:128)\r\n java.base/java.util.ArrayList.forEach(ArrayList.java:1511)\r\n org.testng.TestRunner.privateRun(TestRunner.java:848)\r\n org.testng.TestRunner.run(TestRunner.java:621)\r\n org.testng.SuiteRunner.runTest(SuiteRunner.java:443)\r\n org.testng.SuiteRunner.runSequentially(SuiteRunner.java:437)\r\n org.testng.SuiteRunner.privateRun(SuiteRunner.java:397)\r\n org.testng.SuiteRunner.run(SuiteRunner.java:336)\r\n org.testng.SuiteRunnerWorker.runSuite(SuiteRunnerWorker.java:52)\r\n org.testng.SuiteRunnerWorker.run(SuiteRunnerWorker.java:95)\r\n org.testng.TestNG.runSuitesSequentially(TestNG.java:1280)\r\n org.testng.TestNG.runSuitesLocally(TestNG.java:1200)\r\n org.testng.TestNG.runSuites(TestNG.java:1114)\r\n org.testng.TestNG.run(TestNG.java:1082)\r\n com.intellij.rt.testng.IDEARemoteTestNG.run(IDEARemoteTestNG.java:65)\r\n com.intellij.rt.testng.RemoteTestNGStarter.main(RemoteTestNGStarter.java:105)\r\n\r\nCaused by: java.lang.AssertionError: Failed to identify unique element using this locator \"By.className: ico-account\" Root cause: \"org.openqa.selenium.NoSuchElementException: no such element: Unable to locate element: {\"method\":\"css selector\",\"selector\":\".ico\\-account\"}\"\r\n org.testng.Assert.fail(Assert.java:99)\r\n com.shaft.tools.io.internal.FailureReporter.fail(FailureReporter.java:38)\r\n com.shaft.gui.element.internal.ElementActionsHelper.identifyUniqueElement(ElementActionsHelper.java:970)\r\n com.shaft.gui.element.internal.ElementActionsHelper.performActionAgainstUniqueElementIgnoringVisibility(ElementActionsHelper.java:950)\r\n com.shaft.gui.element.ElementActions.getAttribute(ElementActions.java:459)\r\n com.shaft.validation.internal.ValidationsHelper.validateElementAttribute(ValidationsHelper.java:159)\r\n com.shaft.validation.internal.ValidationsExecutor.performValidation(ValidationsExecutor.java:167)\r\n com.shaft.validation.internal.ValidationsExecutor.perform(ValidationsExecutor.java:149)\r\n automationexercise.pages.loginPage.validateValidLogin(loginPage.java:20)\r\n automationexercise.tests.loginTest.validateValidLogin(loginTest.java:19)\r\n java.base/jdk.internal.reflect.DirectMethodHandleAccessor.invoke(DirectMethodHandleAccessor.java:104)\r\n java.base/java.lang.reflect.Method.invoke(Method.java:578)\r\n org.testng.internal.invokers.MethodInvocationHelper.invokeMethod(MethodInvocationHelper.java:139)\r\n org.testng.internal.invokers.TestInvoker.invokeMethod(TestInvoker.java:664)\r\n org.testng.internal.invokers.TestInvoker.invokeTestMethod(TestInvoker.java:227)\r\n org.testng.internal.invokers.MethodRunner.runInSequence(MethodRunner.java:50)\r\n org.testng.internal.invokers.TestInvoker$MethodInvocationAgent.invoke(TestInvoker.java:957)\r\n org.testng.internal.invokers.TestInvoker.invokeTestMethods(TestInvoker.java:200)\r\n org.testng.internal.invokers.TestMethodWorker.invokeTestMethods(TestMethodWorker.java:148)\r\n org.testng.internal.invokers.TestMethodWorker.run(TestMethodWorker.java:128)\r\n java.base/java.util.ArrayList.forEach(ArrayList.java:1511)\r\n org.testng.TestRunner.privateRun(TestRunner.java:848)\r\n org.testng.TestRunner.run(TestRunner.java:621)\r\n org.testng.SuiteRunner.runTest(SuiteRunner.java:443)\r\n org.testng.SuiteRunner.runSequentially(SuiteRunner.java:437)\r\n org.testng.SuiteRunner.privateRun(SuiteRunner.java:397)\r\n org.testng.SuiteRunner.run(SuiteRunner.java:336)\r\n org.testng.SuiteRunnerWorker.runSuite(SuiteRunnerWorker.java:52)\r\n org.testng.SuiteRunnerWorker.run(SuiteRunnerWorker.java:95)\r\n org.testng.TestNG.runSuitesSequentially(TestNG.java:1280)\r\n org.testng.TestNG.runSuitesLocally(TestNG.java:1200)\r\n org.testng.TestNG.runSuites(TestNG.java:1114)\r\n org.testng.TestNG.run(TestNG.java:1082)\r\n com.intellij.rt.testng.IDEARemoteTestNG.run(IDEARemoteTestNG.java:65)\r\n com.intellij.rt.testng.RemoteTestNGStarter.main(RemoteTestNGStarter.java:105)\r\n\r\nCaused by: org.openqa.selenium.TimeoutException: Expected condition failed: waiting for com.shaft.gui.element.internal.ElementActionsHelper$$Lambda$930/0x000000080157cdc0@447a3df7 (tried for 60 second(s) with 100 milliseconds interval)\r\n org.openqa.selenium.support.ui.FluentWait.timeoutException(FluentWait.java:261)\r\n org.openqa.selenium.support.ui.FluentWait.until(FluentWait.java:229)\r\n com.shaft.gui.element.internal.ElementActionsHelper.waitForElementPresence(ElementActionsHelper.java:176)\r\n com.shaft.gui.element.internal.ElementActionsHelper.getMatchingElementsInformation(ElementActionsHelper.java:1000)\r\n com.shaft.gui.element.internal.ElementActionsHelper.identifyUniqueElement(ElementActionsHelper.java:963)\r\n com.shaft.gui.element.internal.ElementActionsHelper.performActionAgainstUniqueElementIgnoringVisibility(ElementActionsHelper.java:950)\r\n com.shaft.gui.element.ElementActions.getAttribute(ElementActions.java:459)\r\n com.shaft.validation.internal.ValidationsHelper.validateElementAttribute(ValidationsHelper.java:159)\r\n com.shaft.validation.internal.ValidationsExecutor.performValidation(ValidationsExecutor.java:167)\r\n com.shaft.validation.internal.ValidationsExecutor.perform(ValidationsExecutor.java:149)\r\n automationexercise.pages.loginPage.validateValidLogin(loginPage.java:20)\r\n automationexercise.tests.loginTest.validateValidLogin(loginTest.java:19)\r\n java.base/jdk.internal.reflect.DirectMethodHandleAccessor.invoke(DirectMethodHandleAccessor.java:104)\r\n java.base/java.lang.reflect.Method.invoke(Method.java:578)\r\n org.testng.internal.invokers.MethodInvocationHelper.invokeMethod(MethodInvocationHelper.java:139)\r\n org.testng.internal.invokers.TestInvoker.invokeMethod(TestInvoker.java:664)\r\n org.testng.internal.invokers.TestInvoker.invokeTestMethod(TestInvoker.java:227)\r\n org.testng.internal.invokers.MethodRunner.runInSequence(MethodRunner.java:50)\r\n org.testng.internal.invokers.TestInvoker$MethodInvocationAgent.invoke(TestInvoker.java:957)\r\n org.testng.internal.invokers.TestInvoker.invokeTestMethods(TestInvoker.java:200)\r\n org.testng.internal.invokers.TestMethodWorker.invokeTestMethods(TestMethodWorker.java:148)\r\n org.testng.internal.invokers.TestMethodWorker.run(TestMethodWorker.java:128)\r\n java.base/java.util.ArrayList.forEach(ArrayList.java:1511)\r\n org.testng.TestRunner.privateRun(TestRunner.java:848)\r\n org.testng.TestRunner.run(TestRunner.java:621)\r\n org.testng.SuiteRunner.runTest(SuiteRunner.java:443)\r\n org.testng.SuiteRunner.runSequentially(SuiteRunner.java:437)\r\n org.testng.SuiteRunner.privateRun(SuiteRunner.java:397)\r\n org.testng.SuiteRunner.run(SuiteRunner.java:336)\r\n org.testng.SuiteRunnerWorker.runSuite(SuiteRunnerWorker.java:52)\r\n org.testng.SuiteRunnerWorker.run(SuiteRunnerWorker.java:95)\r\n org.testng.TestNG.runSuitesSequentially(TestNG.java:1280)\r\n org.testng.TestNG.runSuitesLocally(TestNG.java:1200)\r\n org.testng.TestNG.runSuites(TestNG.java:1114)\r\n org.testng.TestNG.run(TestNG.java:1082)\r\n com.intellij.rt.testng.IDEARemoteTestNG.run(IDEARemoteTestNG.java:65)\r\n com.intellij.rt.testng.RemoteTestNGStarter.main(RemoteTestNGStarter.java:105)\r\n\r\nCaused by: org.openqa.selenium.NoSuchElementException: no such element: Unable to locate element: {\"method\":\"css selector\",\"selector\":\".ico\\-account\"}\n  (Session info: chrome=124.0.6367.61)\nFor documentation on this error, please visit: https://www.selenium.dev/documentation/webdriver/troubleshooting/errors#no-such-element-exception\nBuild info: version: '4.16.1', revision: '9b4c83354e'\nSystem info: os.name: 'Windows 11', os.arch: 'amd64', os.version: '10.0', java.version: '19.0.2'\nDriver info: org.openqa.selenium.chrome.ChromeDriver\nCommand: [054f62eeced1f0a9d4f3f29beb08257c, findElement {using=class name, value=ico-account}]\nCapabilities {acceptInsecureCerts: true, browserName: chrome, browserVersion: 124.0.6367.61, chrome: {chromedriverVersion: 124.0.6367.78 (a087f2dd364d..., userDataDir: C:\\Users\\Express\\AppData\\Lo...}, fedcm:accounts: true, goog:chromeOptions: {debuggerAddress: localhost:56220}, networkConnectionEnabled: false, pageLoadStrategy: none, platformName: windows, proxy: Proxy(), se:cdp: ws://localhost:56220/devtoo..., se:cdpVersion: 124.0.6367.61, setWindowRect: true, strictFileInteractability: false, timeouts: {implicit: 0, pageLoad: 60000, script: 60000}, unhandledPromptBehavior: ignore, webSocketUrl: ws://localhost:21958/sessio..., webauthn:extension:credBlob: true, webauthn:extension:largeBlob: true, webauthn:extension:minPinLength: true, webauthn:extension:prf: true, webauthn:virtualAuthenticators: true}\nSession ID: 054f62eeced1f0a9d4f3f29beb08257c\r\n java.base/jdk.internal.reflect.DirectConstructorHandleAccessor.newInstance(DirectConstructorHandleAccessor.java:67)\r\n java.base/java.lang.reflect.Constructor.newInstanceWithCaller(Constructor.java:500)\r\n java.base/java.lang.reflect.Constructor.newInstance(Constructor.java:484)\r\n org.openqa.selenium.remote.codec.w3c.W3CHttpResponseCodec.createException(W3CHttpResponseCodec.java:200)\r\n org.openqa.selenium.remote.codec.w3c.W3CHttpResponseCodec.decode(W3CHttpResponseCodec.java:133)\r\n org.openqa.selenium.remote.codec.w3c.W3CHttpResponseCodec.decode(W3CHttpResponseCodec.java:52)\r\n org.openqa.selenium.remote.HttpCommandExecutor.execute(HttpCommandExecutor.java:191)\r\n org.openqa.selenium.remote.service.DriverCommandExecutor.invokeExecute(DriverCommandExecutor.java:200)\r\n org.openqa.selenium.remote.service.DriverCommandExecutor.execute(DriverCommandExecutor.java:175)\r\n org.openqa.selenium.remote.RemoteWebDriver.execute(RemoteWebDriver.java:523)\r\n org.openqa.selenium.remote.ElementLocation$ElementFinder$2.findElement(ElementLocation.java:165)\r\n org.openqa.selenium.remote.ElementLocation.findElement(ElementLocation.java:59)\r\n org.openqa.selenium.remote.RemoteWebDriver.findElement(RemoteWebDriver.java:360)\r\n org.openqa.selenium.remote.RemoteWebDriver.findElement(RemoteWebDriver.java:354)\r\n com.shaft.gui.element.internal.ElementActionsHelper.lambda$waitForElementPresence$0(ElementActionsHelper.java:190)\r\n org.openqa.selenium.support.ui.FluentWait.until(FluentWait.java:204)\r\n com.shaft.gui.element.internal.ElementActionsHelper.waitForElementPresence(ElementActionsHelper.java:176)\r\n com.shaft.gui.element.internal.ElementActionsHelper.getMatchingElementsInformation(ElementActionsHelper.java:1000)\r\n com.shaft.gui.element.internal.ElementActionsHelper.identifyUniqueElement(ElementActionsHelper.java:963)\r\n com.shaft.gui.element.internal.ElementActionsHelper.performActionAgainstUniqueElementIgnoringVisibility(ElementActionsHelper.java:950)\r\n com.shaft.gui.element.ElementActions.getAttribute(ElementActions.java:459)\r\n com.shaft.validation.internal.ValidationsHelper.validateElementAttribute(ValidationsHelper.java:159)\r\n com.shaft.validation.internal.ValidationsExecutor.performValidation(ValidationsExecutor.java:167)\r\n com.shaft.validation.internal.ValidationsExecutor.perform(ValidationsExecutor.java:149)\r\n automationexercise.pages.loginPage.validateValidLogin(loginPage.java:20)\r\n automationexercise.tests.loginTest.validateValidLogin(loginTest.java:19)\r\n java.base/jdk.internal.reflect.DirectMethodHandleAccessor.invoke(DirectMethodHandleAccessor.java:104)\r\n java.base/java.lang.reflect.Method.invoke(Method.java:578)\r\n org.testng.internal.invokers.MethodInvocationHelper.invokeMethod(MethodInvocationHelper.java:139)\r\n org.testng.internal.invokers.TestInvoker.invokeMethod(TestInvoker.java:664)\r\n org.testng.internal.invokers.TestInvoker.invokeTestMethod(TestInvoker.java:227)\r\n org.testng.internal.invokers.MethodRunner.runInSequence(MethodRunner.java:50)\r\n org.testng.internal.invokers.TestInvoker$MethodInvocationAgent.invoke(TestInvoker.java:957)\r\n org.testng.internal.invokers.TestInvoker.invokeTestMethods(TestInvoker.java:200)\r\n org.testng.internal.invokers.TestMethodWorker.invokeTestMethods(TestMethodWorker.java:148)\r\n org.testng.internal.invokers.TestMethodWorker.run(TestMethodWorker.java:128)\r\n java.base/java.util.ArrayList.forEach(ArrayList.java:1511)\r\n org.testng.TestRunner.privateRun(TestRunner.java:848)\r\n org.testng.TestRunner.run(TestRunner.java:621)\r\n org.testng.SuiteRunner.runTest(SuiteRunner.java:443)\r\n org.testng.SuiteRunner.runSequentially(SuiteRunner.java:437)\r\n org.testng.SuiteRunner.privateRun(SuiteRunner.java:397)\r\n org.testng.SuiteRunner.run(SuiteRunner.java:336)\r\n org.testng.SuiteRunnerWorker.runSuite(SuiteRunnerWorker.java:52)\r\n org.testng.SuiteRunnerWorker.run(SuiteRunnerWorker.java:95)\r\n org.testng.TestNG.runSuitesSequentially(TestNG.java:1280)\r\n org.testng.TestNG.runSuitesLocally(TestNG.java:1200)\r\n org.testng.TestNG.runSuites(TestNG.java:1114)\r\n org.testng.TestNG.run(TestNG.java:1082)\r\n com.intellij.rt.testng.IDEARemoteTestNG.run(IDEARemoteTestNG.java:65)\r\n com.intellij.rt.testng.RemoteTestNGStarter.main(RemoteTestNGStarter.java:105)\r\n]]"}],"start":1713984422532,"stop":1713984422544}],"attachments":[],"parameters":[],"start":1713984362080,"stop":1713984422544}],"attachments":[],"parameters":[{"name":"expectedUrl","value":"https://demo.nopcommerce.com/"}],"start":1713984361379,"stop":1713984422544}],"attachments":[{"name":"SHAFT Engine Logs - Current Method log: brforeMethod","source":"e5dbd89d-3b5b-4fca-aaee-636369b47454-attachment.txt","type":"text/plain"},{"name":"SHAFT Engine Logs - Current Method log: validateValidLogin","source":"9f2cd4d6-4e19-44c9-a539-839f1154ea63-attachment.txt","type":"text/plain"}],"parameters":[],"start":1713984357751,"stop":1713984422556}