
[0;7m------------------------------------------------------------------------------------------------------------------------------------------------
                                        Starting Execution: '1 out of 2' test cases in the current suite                                        
                                     Test Method: 'automationexercise.tests.LoginTest.validateInValidLogin'                                     
                                      Test Description: 'Validate that the user can't login successfully '                                      
------------------------------------------------------------------------------------------------------------------------------------------------
[0m
[ReportManager] Target URL: "https://demo.nopcommerce.com/" @25-04-2024 00:50:02.0309 AM
[ReportManager] Initial URL: "about:blank" @25-04-2024 00:50:02.0329 AM
[ReportManager] Navigate to url "https://demo.nopcommerce.com/". @25-04-2024 00:50:04.0457 AM
[ReportManager] Target URL: "https://demo.nopcommerce.com/" @25-04-2024 00:50:04.0474 AM
[ReportManager] Initial URL: "https://demo.nopcommerce.com" @25-04-2024 00:50:04.0493 AM
[ReportManager] Navigate to url "https://demo.nopcommerce.com/". @25-04-2024 00:50:05.0003 AM
[ReportManager] Target URL: "https://demo.nopcommerce.com/" @25-04-2024 00:50:05.0017 AM
[ReportManager] Initial URL: "https://demo.nopcommerce.com" @25-04-2024 00:50:05.0038 AM
[ReportManager] Navigate to url "https://demo.nopcommerce.com/". @25-04-2024 00:50:05.0574 AM
[ReportManager] Target URL: "https://demo.nopcommerce.com/" @25-04-2024 00:50:05.0589 AM
[ReportManager] Initial URL: "https://demo.nopcommerce.com" @25-04-2024 00:50:05.0609 AM
[ReportManager] Navigate to url "https://demo.nopcommerce.com/". @25-04-2024 00:50:06.0108 AM
[ReportManager] Target URL: "https://demo.nopcommerce.com/" @25-04-2024 00:50:06.0122 AM
[ReportManager] Initial URL: "https://demo.nopcommerce.com" @25-04-2024 00:50:06.0140 AM
[ReportManager] Navigate to url "https://demo.nopcommerce.com/". @25-04-2024 00:50:06.0542 AM
[ReportManager] Target URL: "https://demo.nopcommerce.com/" @25-04-2024 00:50:06.0553 AM
[ReportManager] Initial URL: "https://demo.nopcommerce.com" @25-04-2024 00:50:06.0573 AM
[ReportManager] Navigate to url "https://demo.nopcommerce.com/". @25-04-2024 00:50:07.0494 AM
[ReportManager] Target URL: "https://demo.nopcommerce.com/" @25-04-2024 00:50:07.0506 AM
[ReportManager] Initial URL: "https://demo.nopcommerce.com" @25-04-2024 00:50:07.0523 AM
[ReportManager] org.openqa.selenium.remote.UnreachableBrowserException: Error communicating with the remote browser. It may have died.
Build info: version: '4.16.1', revision: '9b4c83354e'
System info: os.name: 'Windows 11', os.arch: 'amd64', os.version: '10.0', java.version: '19.0.2'
Driver info: org.openqa.selenium.chrome.ChromeDriver
Command: [8443260a32a6aee982acdf90375dfd81, executeCdpCommand [cmd, params]]
Capabilities {acceptInsecureCerts: true, browserName: chrome, browserVersion: 124.0.6367.61, chrome: {chromedriverVersion: 124.0.6367.78 (a087f2dd364d..., userDataDir: C:\Users\Express\AppData\Lo...}, fedcm:accounts: true, goog:chromeOptions: {debuggerAddress: localhost:64895}, networkConnectionEnabled: false, pageLoadStrategy: none, platformName: windows, proxy: Proxy(), se:cdp: ws://localhost:64895/devtoo..., se:cdpVersion: 124.0.6367.61, setWindowRect: true, strictFileInteractability: false, timeouts: {implicit: 0, pageLoad: 60000, script: 60000}, unhandledPromptBehavior: ignore, webSocketUrl: ws://localhost:35784/sessio..., webauthn:extension:credBlob: true, webauthn:extension:largeBlob: true, webauthn:extension:minPinLength: true, webauthn:extension:prf: true, webauthn:virtualAuthenticators: true}
Session ID: 8443260a32a6aee982acdf90375dfd81
 org.openqa.selenium.remote.RemoteWebDriver.execute(RemoteWebDriver.java:550)
 org.openqa.selenium.remote.RemoteWebDriver.execute(RemoteWebDriver.java:596)
 org.openqa.selenium.remote.RemoteExecuteMethod.execute(RemoteExecuteMethod.java:39)
 org.openqa.selenium.chromium.AddHasCdp$1.executeCdpCommand(AddHasCdp.java:59)
 org.openqa.selenium.chromium.ChromiumDriver.executeCdpCommand(ChromiumDriver.java:335)
 com.shaft.gui.internal.image.ScreenshotHelper.makeFullScreenshot(ScreenshotHelper.java:33)
 com.shaft.gui.internal.image.ScreenshotManager.takeFullPageScreenshot(ScreenshotManager.java:251)
 com.shaft.gui.internal.image.ScreenshotManager.takeScreenshot(ScreenshotManager.java:407)
 com.shaft.gui.internal.image.ScreenshotManager.internalCaptureScreenShot(ScreenshotManager.java:353)
 com.shaft.gui.internal.image.ScreenshotManager.captureScreenShot(ScreenshotManager.java:109)
 com.shaft.gui.browser.internal.BrowserActionsHelper.reportActionResult(BrowserActionsHelper.java:104)
 com.shaft.gui.browser.internal.BrowserActionsHelper.failAction(BrowserActionsHelper.java:64)
 com.shaft.gui.browser.internal.BrowserActionsHelper.failAction(BrowserActionsHelper.java:59)
 com.shaft.gui.browser.BrowserActions.navigateToURL(BrowserActions.java:356)
 com.shaft.gui.browser.BrowserActions.navigateToURL(BrowserActions.java:267)
 automationexercise.pages.LoginPage.urlNavigate(LoginPage.java:15)
 automationexercise.pages.LoginPage.urlNavigate(LoginPage.java:16)
 automationexercise.pages.LoginPage.urlNavigate(LoginPage.java:16)
 automationexercise.pages.LoginPage.urlNavigate(LoginPage.java:16)
 automationexercise.pages.LoginPage.urlNavigate(LoginPage.java:16)
 automationexercise.pages.LoginPage.urlNavigate(LoginPage.java:16)
 automationexercise.pages.LoginPage.urlNavigate(LoginPage.java:16)
 automationexercise.tests.LoginTest.validateInValidLogin(LoginTest.java:23)
 java.base/jdk.internal.reflect.DirectMethodHandleAccessor.invoke(DirectMethodHandleAccessor.java:104)
 java.base/java.lang.reflect.Method.invoke(Method.java:578)
 org.testng.internal.invokers.MethodInvocationHelper.invokeMethod(MethodInvocationHelper.java:139)
 org.testng.internal.invokers.TestInvoker.invokeMethod(TestInvoker.java:664)
 org.testng.internal.invokers.TestInvoker.invokeTestMethod(TestInvoker.java:227)
 org.testng.internal.invokers.MethodRunner.runInSequence(MethodRunner.java:50)
 org.testng.internal.invokers.TestInvoker$MethodInvocationAgent.invoke(TestInvoker.java:957)
 org.testng.internal.invokers.TestInvoker.invokeTestMethods(TestInvoker.java:200)
 org.testng.internal.invokers.TestMethodWorker.invokeTestMethods(TestMethodWorker.java:148)
 org.testng.internal.invokers.TestMethodWorker.run(TestMethodWorker.java:128)
 java.base/java.util.ArrayList.forEach(ArrayList.java:1511)
 org.testng.TestRunner.privateRun(TestRunner.java:848)
 org.testng.TestRunner.run(TestRunner.java:621)
 org.testng.SuiteRunner.runTest(SuiteRunner.java:443)
 org.testng.SuiteRunner.runSequentially(SuiteRunner.java:437)
 org.testng.SuiteRunner.privateRun(SuiteRunner.java:397)
 org.testng.SuiteRunner.run(SuiteRunner.java:336)
 org.testng.SuiteRunnerWorker.runSuite(SuiteRunnerWorker.java:52)
 org.testng.SuiteRunnerWorker.run(SuiteRunnerWorker.java:95)
 org.testng.TestNG.runSuitesSequentially(TestNG.java:1280)
 org.testng.TestNG.runSuitesLocally(TestNG.java:1200)
 org.testng.TestNG.runSuites(TestNG.java:1114)
 org.testng.TestNG.run(TestNG.java:1082)
 com.intellij.rt.testng.IDEARemoteTestNG.run(IDEARemoteTestNG.java:65)
 com.intellij.rt.testng.RemoteTestNGStarter.main(RemoteTestNGStarter.java:105)

Caused by: java.io.UncheckedIOException: java.net.ConnectException
 org.openqa.selenium.remote.http.jdk.JdkHttpClient.execute0(JdkHttpClient.java:442)
 org.openqa.selenium.remote.http.AddSeleniumUserAgent.lambda$apply$0(AddSeleniumUserAgent.java:42)
 org.openqa.selenium.remote.http.Filter.lambda$andFinally$1(Filter.java:55)
 org.openqa.selenium.remote.http.jdk.JdkHttpClient.execute(JdkHttpClient.java:358)
 org.openqa.selenium.remote.HttpCommandExecutor.execute(HttpCommandExecutor.java:188)
 org.openqa.selenium.remote.service.DriverCommandExecutor.invokeExecute(DriverCommandExecutor.java:200)
 org.openqa.selenium.remote.service.DriverCommandExecutor.execute(DriverCommandExecutor.java:175)
 org.openqa.selenium.remote.RemoteWebDriver.execute(RemoteWebDriver.java:523)
 org.openqa.selenium.remote.RemoteWebDriver.execute(RemoteWebDriver.java:596)
 org.openqa.selenium.remote.RemoteExecuteMethod.execute(RemoteExecuteMethod.java:39)
 org.openqa.selenium.chromium.AddHasCdp$1.executeCdpCommand(AddHasCdp.java:59)
 org.openqa.selenium.chromium.ChromiumDriver.executeCdpCommand(ChromiumDriver.java:335)
 com.shaft.gui.internal.image.ScreenshotHelper.makeFullScreenshot(ScreenshotHelper.java:33)
 com.shaft.gui.internal.image.ScreenshotManager.takeFullPageScreenshot(ScreenshotManager.java:251)
 com.shaft.gui.internal.image.ScreenshotManager.takeScreenshot(ScreenshotManager.java:407)
 com.shaft.gui.internal.image.ScreenshotManager.internalCaptureScreenShot(ScreenshotManager.java:353)
 com.shaft.gui.internal.image.ScreenshotManager.captureScreenShot(ScreenshotManager.java:109)
 com.shaft.gui.browser.internal.BrowserActionsHelper.reportActionResult(BrowserActionsHelper.java:104)
 com.shaft.gui.browser.internal.BrowserActionsHelper.failAction(BrowserActionsHelper.java:64)
 com.shaft.gui.browser.internal.BrowserActionsHelper.failAction(BrowserActionsHelper.java:59)
 com.shaft.gui.browser.BrowserActions.navigateToURL(BrowserActions.java:356)
 com.shaft.gui.browser.BrowserActions.navigateToURL(BrowserActions.java:267)
 automationexercise.pages.LoginPage.urlNavigate(LoginPage.java:15)
 automationexercise.pages.LoginPage.urlNavigate(LoginPage.java:16)
 automationexercise.pages.LoginPage.urlNavigate(LoginPage.java:16)
 automationexercise.pages.LoginPage.urlNavigate(LoginPage.java:16)
 automationexercise.pages.LoginPage.urlNavigate(LoginPage.java:16)
 automationexercise.pages.LoginPage.urlNavigate(LoginPage.java:16)
 automationexercise.pages.LoginPage.urlNavigate(LoginPage.java:16)
 automationexercise.tests.LoginTest.validateInValidLogin(LoginTest.java:23)
 java.base/jdk.internal.reflect.DirectMethodHandleAccessor.invoke(DirectMethodHandleAccessor.java:104)
 java.base/java.lang.reflect.Method.invoke(Method.java:578)
 org.testng.internal.invokers.MethodInvocationHelper.invokeMethod(MethodInvocationHelper.java:139)
 org.testng.internal.invokers.TestInvoker.invokeMethod(TestInvoker.java:664)
 org.testng.internal.invokers.TestInvoker.invokeTestMethod(TestInvoker.java:227)
 org.testng.internal.invokers.MethodRunner.runInSequence(MethodRunner.java:50)
 org.testng.internal.invokers.TestInvoker$MethodInvocationAgent.invoke(TestInvoker.java:957)
 org.testng.internal.invokers.TestInvoker.invokeTestMethods(TestInvoker.java:200)
 org.testng.internal.invokers.TestMethodWorker.invokeTestMethods(TestMethodWorker.java:148)
 org.testng.internal.invokers.TestMethodWorker.run(TestMethodWorker.java:128)
 java.base/java.util.ArrayList.forEach(ArrayList.java:1511)
 org.testng.TestRunner.privateRun(TestRunner.java:848)
 org.testng.TestRunner.run(TestRunner.java:621)
 org.testng.SuiteRunner.runTest(SuiteRunner.java:443)
 org.testng.SuiteRunner.runSequentially(SuiteRunner.java:437)
 org.testng.SuiteRunner.privateRun(SuiteRunner.java:397)
 org.testng.SuiteRunner.run(SuiteRunner.java:336)
 org.testng.SuiteRunnerWorker.runSuite(SuiteRunnerWorker.java:52)
 org.testng.SuiteRunnerWorker.run(SuiteRunnerWorker.java:95)
 org.testng.TestNG.runSuitesSequentially(TestNG.java:1280)
 org.testng.TestNG.runSuitesLocally(TestNG.java:1200)
 org.testng.TestNG.runSuites(TestNG.java:1114)
 org.testng.TestNG.run(TestNG.java:1082)
 com.intellij.rt.testng.IDEARemoteTestNG.run(IDEARemoteTestNG.java:65)
 com.intellij.rt.testng.RemoteTestNGStarter.main(RemoteTestNGStarter.java:105)

Caused by: java.net.ConnectException: null
 java.net.http/jdk.internal.net.http.common.Utils.toConnectException(Utils.java:1045)
 java.net.http/jdk.internal.net.http.PlainHttpConnection.connectAsync(PlainHttpConnection.java:224)
 java.net.http/jdk.internal.net.http.PlainHttpConnection.checkRetryConnect(PlainHttpConnection.java:259)
 java.net.http/jdk.internal.net.http.PlainHttpConnection.lambda$connectAsync$2(PlainHttpConnection.java:235)
 java.base/java.util.concurrent.CompletableFuture.uniHandle(CompletableFuture.java:934)
 java.base/java.util.concurrent.CompletableFuture$UniHandle.tryFire(CompletableFuture.java:911)
 java.base/java.util.concurrent.CompletableFuture.postComplete(CompletableFuture.java:510)
 java.base/java.util.concurrent.CompletableFuture$AsyncSupply.run(CompletableFuture.java:1773)
 java.base/java.util.concurrent.ThreadPoolExecutor.runWorker(ThreadPoolExecutor.java:1144)
 java.base/java.util.concurrent.ThreadPoolExecutor$Worker.run(ThreadPoolExecutor.java:642)
 java.base/java.lang.Thread.run(Thread.java:1589)

Caused by: java.nio.channels.ClosedChannelException: null
 java.base/sun.nio.ch.SocketChannelImpl.ensureOpen(SocketChannelImpl.java:202)
 java.base/sun.nio.ch.SocketChannelImpl.beginConnect(SocketChannelImpl.java:786)
 java.base/sun.nio.ch.SocketChannelImpl.connect(SocketChannelImpl.java:874)
 java.net.http/jdk.internal.net.http.PlainHttpConnection.lambda$connectAsync$1(PlainHttpConnection.java:208)
 java.base/java.security.AccessController.doPrivileged(AccessController.java:569)
 java.net.http/jdk.internal.net.http.PlainHttpConnection.connectAsync(PlainHttpConnection.java:210)
 java.net.http/jdk.internal.net.http.PlainHttpConnection.checkRetryConnect(PlainHttpConnection.java:259)
 java.net.http/jdk.internal.net.http.PlainHttpConnection.lambda$connectAsync$2(PlainHttpConnection.java:235)
 java.base/java.util.concurrent.CompletableFuture.uniHandle(CompletableFuture.java:934)
 java.base/java.util.concurrent.CompletableFuture$UniHandle.tryFire(CompletableFuture.java:911)
 java.base/java.util.concurrent.CompletableFuture.postComplete(CompletableFuture.java:510)
 java.base/java.util.concurrent.CompletableFuture$AsyncSupply.run(CompletableFuture.java:1773)
 java.base/java.util.concurrent.ThreadPoolExecutor.runWorker(ThreadPoolExecutor.java:1144)
 java.base/java.util.concurrent.ThreadPoolExecutor$Worker.run(ThreadPoolExecutor.java:642)
 java.base/java.lang.Thread.run(Thread.java:1589) @25-04-2024 00:50:09.0472 AM
[ReportManager] Failed to capture screenshot Root cause: "java.nio.channels.ClosedChannelException: " @25-04-2024 00:50:09.0500 AM
[ReportManager] Successfully created attachment 'Screenshot manager - Get  stack  trace - Exception Stacktrace' @25-04-2024 00:50:09.0515 AM
[ReportManager] Successfully created attachment 'SHAFT Engine Logs - Current Method log: brforeMethod' @25-04-2024 00:50:09.0531 AM